{"/home/joao-vitor-bs/teste_dev/teste-dev-frontend/mini-twitter-frontend-main/postcss.config.js": {"path":"/home/joao-vitor-bs/teste_dev/teste-dev-frontend/mini-twitter-frontend-main/postcss.config.js","all":true,"statementMap":{"0":{"start":{"line":1,"column":0},"end":{"line":1,"column":16}},"1":{"start":{"line":2,"column":0},"end":{"line":2,"column":12}},"2":{"start":{"line":3,"column":0},"end":{"line":3,"column":20}},"3":{"start":{"line":4,"column":0},"end":{"line":4,"column":21}},"4":{"start":{"line":5,"column":0},"end":{"line":5,"column":4}},"5":{"start":{"line":6,"column":0},"end":{"line":6,"column":1}}},"s":{"0":0,"1":0,"2":0,"3":0,"4":0,"5":0},"branchMap":{"0":{"type":"branch","line":1,"loc":{"start":{"line":1,"column":79},"end":{"line":6,"column":1}},"locations":[{"start":{"line":1,"column":79},"end":{"line":6,"column":1}}]}},"b":{"0":[0]},"fnMap":{"0":{"name":"(empty-report)","decl":{"start":{"line":1,"column":79},"end":{"line":6,"column":1}},"loc":{"start":{"line":1,"column":79},"end":{"line":6,"column":1}},"line":1}},"f":{"0":0}}
,"/home/joao-vitor-bs/teste_dev/teste-dev-frontend/mini-twitter-frontend-main/tailwind.config.js": {"path":"/home/joao-vitor-bs/teste_dev/teste-dev-frontend/mini-twitter-frontend-main/tailwind.config.js","all":true,"statementMap":{"0":{"start":{"line":1,"column":0},"end":{"line":1,"column":43}},"1":{"start":{"line":2,"column":0},"end":{"line":2,"column":16}},"2":{"start":{"line":3,"column":0},"end":{"line":3,"column":58}},"3":{"start":{"line":4,"column":0},"end":{"line":4,"column":10}},"4":{"start":{"line":5,"column":0},"end":{"line":5,"column":15}},"5":{"start":{"line":6,"column":0},"end":{"line":6,"column":4}},"6":{"start":{"line":7,"column":0},"end":{"line":7,"column":14}},"7":{"start":{"line":8,"column":0},"end":{"line":8,"column":1}}},"s":{"0":0,"1":0,"2":0,"3":0,"4":0,"5":0,"6":0,"7":0},"branchMap":{"0":{"type":"branch","line":1,"loc":{"start":{"line":1,"column":168},"end":{"line":8,"column":1}},"locations":[{"start":{"line":1,"column":168},"end":{"line":8,"column":1}}]}},"b":{"0":[0]},"fnMap":{"0":{"name":"(empty-report)","decl":{"start":{"line":1,"column":168},"end":{"line":8,"column":1}},"loc":{"start":{"line":1,"column":168},"end":{"line":8,"column":1}},"line":1}},"f":{"0":0}}
,"/home/joao-vitor-bs/teste_dev/teste-dev-frontend/mini-twitter-frontend-main/src/App.tsx": {"path":"/home/joao-vitor-bs/teste_dev/teste-dev-frontend/mini-twitter-frontend-main/src/App.tsx","all":false,"statementMap":{"0":{"start":{"line":1,"column":0},"end":{"line":1,"column":59}},"1":{"start":{"line":2,"column":0},"end":{"line":2,"column":44}},"2":{"start":{"line":3,"column":0},"end":{"line":3,"column":52}},"3":{"start":{"line":4,"column":0},"end":{"line":4,"column":61}},"5":{"start":{"line":6,"column":0},"end":{"line":6,"column":16}},"6":{"start":{"line":7,"column":0},"end":{"line":7,"column":10}},"7":{"start":{"line":8,"column":0},"end":{"line":8,"column":12}},"8":{"start":{"line":9,"column":0},"end":{"line":9,"column":51}},"9":{"start":{"line":10,"column":0},"end":{"line":10,"column":51}},"10":{"start":{"line":11,"column":0},"end":{"line":11,"column":42}},"11":{"start":{"line":12,"column":0},"end":{"line":12,"column":61}},"12":{"start":{"line":13,"column":0},"end":{"line":13,"column":14}},"13":{"start":{"line":14,"column":0},"end":{"line":14,"column":62}},"14":{"start":{"line":15,"column":0},"end":{"line":15,"column":13}},"16":{"start":{"line":17,"column":0},"end":{"line":17,"column":1}},"18":{"start":{"line":19,"column":0},"end":{"line":19,"column":19}}},"s":{"0":1,"1":1,"2":1,"3":1,"5":2,"6":2,"7":2,"8":2,"9":2,"10":2,"11":2,"12":2,"13":2,"14":2,"16":2,"18":1},"branchMap":{"0":{"type":"branch","line":6,"loc":{"start":{"line":6,"column":0},"end":{"line":17,"column":1}},"locations":[{"start":{"line":6,"column":0},"end":{"line":17,"column":1}}]}},"b":{"0":[2]},"fnMap":{"0":{"name":"App","decl":{"start":{"line":6,"column":0},"end":{"line":17,"column":1}},"loc":{"start":{"line":6,"column":0},"end":{"line":17,"column":1}},"line":6}},"f":{"0":2}}
,"/home/joao-vitor-bs/teste_dev/teste-dev-frontend/mini-twitter-frontend-main/src/main.tsx": {"path":"/home/joao-vitor-bs/teste_dev/teste-dev-frontend/mini-twitter-frontend-main/src/main.tsx","all":true,"statementMap":{"0":{"start":{"line":1,"column":0},"end":{"line":1,"column":35}},"1":{"start":{"line":2,"column":0},"end":{"line":2,"column":46}},"2":{"start":{"line":3,"column":0},"end":{"line":3,"column":73}},"3":{"start":{"line":4,"column":0},"end":{"line":4,"column":49}},"4":{"start":{"line":5,"column":0},"end":{"line":5,"column":21}},"5":{"start":{"line":6,"column":0},"end":{"line":6,"column":24}},"6":{"start":{"line":7,"column":0},"end":{"line":7,"column":53}},"7":{"start":{"line":8,"column":0},"end":{"line":8,"column":55}},"9":{"start":{"line":10,"column":0},"end":{"line":10,"column":38}},"11":{"start":{"line":12,"column":0},"end":{"line":12,"column":52}},"12":{"start":{"line":13,"column":0},"end":{"line":13,"column":14}},"13":{"start":{"line":14,"column":0},"end":{"line":14,"column":46}},"14":{"start":{"line":15,"column":0},"end":{"line":15,"column":21}},"15":{"start":{"line":16,"column":0},"end":{"line":16,"column":22}},"16":{"start":{"line":17,"column":0},"end":{"line":17,"column":25}},"17":{"start":{"line":18,"column":0},"end":{"line":18,"column":19}},"18":{"start":{"line":19,"column":0},"end":{"line":19,"column":26}},"19":{"start":{"line":20,"column":0},"end":{"line":20,"column":23}},"20":{"start":{"line":21,"column":0},"end":{"line":21,"column":22}},"21":{"start":{"line":22,"column":0},"end":{"line":22,"column":26}},"22":{"start":{"line":23,"column":0},"end":{"line":23,"column":16}},"23":{"start":{"line":24,"column":0},"end":{"line":24,"column":2}}},"s":{"0":0,"1":0,"2":0,"3":0,"4":0,"5":0,"6":0,"7":0,"9":0,"11":0,"12":0,"13":0,"14":0,"15":0,"16":0,"17":0,"18":0,"19":0,"20":0,"21":0,"22":0,"23":0},"branchMap":{"0":{"type":"branch","line":1,"loc":{"start":{"line":1,"column":603},"end":{"line":24,"column":-476}},"locations":[{"start":{"line":1,"column":603},"end":{"line":24,"column":-476}}]}},"b":{"0":[0]},"fnMap":{"0":{"name":"(empty-report)","decl":{"start":{"line":1,"column":603},"end":{"line":24,"column":-476}},"loc":{"start":{"line":1,"column":603},"end":{"line":24,"column":-476}},"line":1}},"f":{"0":0}}
,"/home/joao-vitor-bs/teste_dev/teste-dev-frontend/mini-twitter-frontend-main/src/components/PostCard.tsx": {"path":"/home/joao-vitor-bs/teste_dev/teste-dev-frontend/mini-twitter-frontend-main/src/components/PostCard.tsx","all":false,"statementMap":{"0":{"start":{"line":1,"column":0},"end":{"line":1,"column":33}},"1":{"start":{"line":2,"column":0},"end":{"line":2,"column":54}},"2":{"start":{"line":3,"column":0},"end":{"line":3,"column":42}},"3":{"start":{"line":4,"column":0},"end":{"line":4,"column":62}},"5":{"start":{"line":6,"column":0},"end":{"line":6,"column":48}},"6":{"start":{"line":7,"column":0},"end":{"line":7,"column":46}},"7":{"start":{"line":8,"column":0},"end":{"line":8,"column":52}},"8":{"start":{"line":9,"column":0},"end":{"line":9,"column":46}},"9":{"start":{"line":10,"column":0},"end":{"line":10,"column":45}},"25":{"start":{"line":26,"column":0},"end":{"line":26,"column":26}},"26":{"start":{"line":27,"column":0},"end":{"line":27,"column":7}},"27":{"start":{"line":28,"column":0},"end":{"line":28,"column":14}},"28":{"start":{"line":29,"column":0},"end":{"line":29,"column":8}},"29":{"start":{"line":30,"column":0},"end":{"line":30,"column":14}},"30":{"start":{"line":31,"column":0},"end":{"line":31,"column":22}},"31":{"start":{"line":32,"column":0},"end":{"line":32,"column":23}},"32":{"start":{"line":33,"column":0},"end":{"line":33,"column":16}},"33":{"start":{"line":34,"column":0},"end":{"line":34,"column":13}},"34":{"start":{"line":35,"column":0},"end":{"line":35,"column":15}},"35":{"start":{"line":36,"column":0},"end":{"line":36,"column":11}},"36":{"start":{"line":37,"column":0},"end":{"line":37,"column":11}},"37":{"start":{"line":38,"column":0},"end":{"line":38,"column":22}},"38":{"start":{"line":39,"column":0},"end":{"line":39,"column":52}},"39":{"start":{"line":40,"column":0},"end":{"line":40,"column":52}},"41":{"start":{"line":42,"column":0},"end":{"line":42,"column":9}},"42":{"start":{"line":43,"column":0},"end":{"line":43,"column":13}},"43":{"start":{"line":44,"column":0},"end":{"line":44,"column":17}},"44":{"start":{"line":45,"column":0},"end":{"line":45,"column":40}},"45":{"start":{"line":46,"column":0},"end":{"line":46,"column":27}},"46":{"start":{"line":47,"column":0},"end":{"line":47,"column":38}},"47":{"start":{"line":48,"column":0},"end":{"line":48,"column":20}},"48":{"start":{"line":49,"column":0},"end":{"line":49,"column":24}},"49":{"start":{"line":50,"column":0},"end":{"line":50,"column":28}},"50":{"start":{"line":51,"column":0},"end":{"line":51,"column":30}},"51":{"start":{"line":52,"column":0},"end":{"line":52,"column":6}},"52":{"start":{"line":53,"column":0},"end":{"line":53,"column":5}},"54":{"start":{"line":55,"column":0},"end":{"line":55,"column":70}},"55":{"start":{"line":56,"column":0},"end":{"line":56,"column":23}},"56":{"start":{"line":57,"column":0},"end":{"line":57,"column":23}},"57":{"start":{"line":58,"column":0},"end":{"line":58,"column":5}},"59":{"start":{"line":60,"column":0},"end":{"line":60,"column":10}},"60":{"start":{"line":61,"column":0},"end":{"line":61,"column":12}},"61":{"start":{"line":62,"column":0},"end":{"line":62,"column":146}},"62":{"start":{"line":63,"column":0},"end":{"line":63,"column":57}},"63":{"start":{"line":64,"column":0},"end":{"line":64,"column":22}},"64":{"start":{"line":65,"column":0},"end":{"line":65,"column":25}},"65":{"start":{"line":66,"column":0},"end":{"line":66,"column":32}},"66":{"start":{"line":67,"column":0},"end":{"line":67,"column":9}},"67":{"start":{"line":68,"column":0},"end":{"line":68,"column":8}},"69":{"start":{"line":70,"column":0},"end":{"line":70,"column":20}},"70":{"start":{"line":71,"column":0},"end":{"line":71,"column":13}},"71":{"start":{"line":72,"column":0},"end":{"line":72,"column":31}},"72":{"start":{"line":73,"column":0},"end":{"line":73,"column":53}},"73":{"start":{"line":74,"column":0},"end":{"line":74,"column":45}},"74":{"start":{"line":75,"column":0},"end":{"line":75,"column":32}},"75":{"start":{"line":76,"column":0},"end":{"line":76,"column":13}},"77":{"start":{"line":78,"column":0},"end":{"line":78,"column":16}},"78":{"start":{"line":79,"column":0},"end":{"line":79,"column":34}},"79":{"start":{"line":80,"column":0},"end":{"line":80,"column":12}},"80":{"start":{"line":81,"column":0},"end":{"line":81,"column":101}},"82":{"start":{"line":83,"column":0},"end":{"line":83,"column":19}},"83":{"start":{"line":84,"column":0},"end":{"line":84,"column":36}},"84":{"start":{"line":85,"column":0},"end":{"line":85,"column":28}},"85":{"start":{"line":86,"column":0},"end":{"line":86,"column":12}},"86":{"start":{"line":87,"column":0},"end":{"line":87,"column":105}},"88":{"start":{"line":89,"column":0},"end":{"line":89,"column":16}},"89":{"start":{"line":90,"column":0},"end":{"line":90,"column":34}},"90":{"start":{"line":91,"column":0},"end":{"line":91,"column":12}},"91":{"start":{"line":92,"column":0},"end":{"line":92,"column":101}},"93":{"start":{"line":94,"column":0},"end":{"line":94,"column":38}},"94":{"start":{"line":95,"column":0},"end":{"line":95,"column":19}},"95":{"start":{"line":96,"column":0},"end":{"line":96,"column":27}},"96":{"start":{"line":97,"column":0},"end":{"line":97,"column":37}},"97":{"start":{"line":98,"column":0},"end":{"line":98,"column":38}},"98":{"start":{"line":99,"column":0},"end":{"line":99,"column":13}},"100":{"start":{"line":101,"column":0},"end":{"line":101,"column":21}},"101":{"start":{"line":102,"column":0},"end":{"line":102,"column":19}},"102":{"start":{"line":103,"column":0},"end":{"line":103,"column":27}},"103":{"start":{"line":104,"column":0},"end":{"line":104,"column":31}},"104":{"start":{"line":105,"column":0},"end":{"line":105,"column":38}},"105":{"start":{"line":106,"column":0},"end":{"line":106,"column":49}},"106":{"start":{"line":107,"column":0},"end":{"line":107,"column":13}},"108":{"start":{"line":109,"column":0},"end":{"line":109,"column":21}},"109":{"start":{"line":110,"column":0},"end":{"line":110,"column":16}},"110":{"start":{"line":111,"column":0},"end":{"line":111,"column":15}},"112":{"start":{"line":113,"column":0},"end":{"line":113,"column":10}},"113":{"start":{"line":114,"column":0},"end":{"line":114,"column":74}},"114":{"start":{"line":115,"column":0},"end":{"line":115,"column":17}},"115":{"start":{"line":116,"column":0},"end":{"line":116,"column":55}},"116":{"start":{"line":117,"column":0},"end":{"line":117,"column":85}},"117":{"start":{"line":118,"column":0},"end":{"line":118,"column":67}},"118":{"start":{"line":119,"column":0},"end":{"line":119,"column":29}},"119":{"start":{"line":120,"column":0},"end":{"line":120,"column":24}},"120":{"start":{"line":121,"column":0},"end":{"line":121,"column":20}},"121":{"start":{"line":122,"column":0},"end":{"line":122,"column":90}},"122":{"start":{"line":123,"column":0},"end":{"line":123,"column":18}},"124":{"start":{"line":125,"column":0},"end":{"line":125,"column":25}},"125":{"start":{"line":126,"column":0},"end":{"line":126,"column":42}},"126":{"start":{"line":127,"column":0},"end":{"line":127,"column":23}},"127":{"start":{"line":128,"column":0},"end":{"line":128,"column":35}},"128":{"start":{"line":129,"column":0},"end":{"line":129,"column":27}},"129":{"start":{"line":130,"column":0},"end":{"line":130,"column":42}},"130":{"start":{"line":131,"column":0},"end":{"line":131,"column":39}},"131":{"start":{"line":132,"column":0},"end":{"line":132,"column":44}},"132":{"start":{"line":133,"column":0},"end":{"line":133,"column":39}},"133":{"start":{"line":134,"column":0},"end":{"line":134,"column":20}},"134":{"start":{"line":135,"column":0},"end":{"line":135,"column":17}},"136":{"start":{"line":137,"column":0},"end":{"line":137,"column":25}},"137":{"start":{"line":138,"column":0},"end":{"line":138,"column":23}},"138":{"start":{"line":139,"column":0},"end":{"line":139,"column":39}},"139":{"start":{"line":140,"column":0},"end":{"line":140,"column":27}},"140":{"start":{"line":141,"column":0},"end":{"line":141,"column":42}},"141":{"start":{"line":142,"column":0},"end":{"line":142,"column":39}},"142":{"start":{"line":143,"column":0},"end":{"line":143,"column":44}},"143":{"start":{"line":144,"column":0},"end":{"line":144,"column":38}},"144":{"start":{"line":145,"column":0},"end":{"line":145,"column":20}},"145":{"start":{"line":146,"column":0},"end":{"line":146,"column":17}},"147":{"start":{"line":148,"column":0},"end":{"line":148,"column":25}},"148":{"start":{"line":149,"column":0},"end":{"line":149,"column":20}},"150":{"start":{"line":151,"column":0},"end":{"line":151,"column":19}},"152":{"start":{"line":153,"column":0},"end":{"line":153,"column":103}},"154":{"start":{"line":155,"column":0},"end":{"line":155,"column":25}},"155":{"start":{"line":156,"column":0},"end":{"line":156,"column":126}},"156":{"start":{"line":157,"column":0},"end":{"line":157,"column":19}},"158":{"start":{"line":159,"column":0},"end":{"line":159,"column":17}},"159":{"start":{"line":160,"column":0},"end":{"line":160,"column":55}},"160":{"start":{"line":161,"column":0},"end":{"line":161,"column":78}},"161":{"start":{"line":162,"column":0},"end":{"line":162,"column":93}},"162":{"start":{"line":163,"column":0},"end":{"line":163,"column":50}},"163":{"start":{"line":164,"column":0},"end":{"line":164,"column":34}},"164":{"start":{"line":165,"column":0},"end":{"line":165,"column":24}},"165":{"start":{"line":166,"column":0},"end":{"line":166,"column":26}},"166":{"start":{"line":167,"column":0},"end":{"line":167,"column":38}},"167":{"start":{"line":168,"column":0},"end":{"line":168,"column":23}},"168":{"start":{"line":169,"column":0},"end":{"line":169,"column":36}},"169":{"start":{"line":170,"column":0},"end":{"line":170,"column":33}},"171":{"start":{"line":172,"column":0},"end":{"line":172,"column":19}},"172":{"start":{"line":173,"column":0},"end":{"line":173,"column":26}},"173":{"start":{"line":174,"column":0},"end":{"line":174,"column":38}},"174":{"start":{"line":175,"column":0},"end":{"line":175,"column":23}},"175":{"start":{"line":176,"column":0},"end":{"line":176,"column":36}},"176":{"start":{"line":177,"column":0},"end":{"line":177,"column":33}},"178":{"start":{"line":179,"column":0},"end":{"line":179,"column":33}},"179":{"start":{"line":180,"column":0},"end":{"line":180,"column":38}},"181":{"start":{"line":182,"column":0},"end":{"line":182,"column":33}},"182":{"start":{"line":183,"column":0},"end":{"line":183,"column":34}},"183":{"start":{"line":184,"column":0},"end":{"line":184,"column":23}},"184":{"start":{"line":185,"column":0},"end":{"line":185,"column":15}},"186":{"start":{"line":187,"column":0},"end":{"line":187,"column":43}},"187":{"start":{"line":188,"column":0},"end":{"line":188,"column":14}},"189":{"start":{"line":190,"column":0},"end":{"line":190,"column":18}},"190":{"start":{"line":191,"column":0},"end":{"line":191,"column":89}},"191":{"start":{"line":192,"column":0},"end":{"line":192,"column":14}},"192":{"start":{"line":193,"column":0},"end":{"line":193,"column":42}},"193":{"start":{"line":194,"column":0},"end":{"line":194,"column":19}},"195":{"start":{"line":196,"column":0},"end":{"line":196,"column":17}},"196":{"start":{"line":197,"column":0},"end":{"line":197,"column":25}},"197":{"start":{"line":198,"column":0},"end":{"line":198,"column":33}},"198":{"start":{"line":199,"column":0},"end":{"line":199,"column":38}},"199":{"start":{"line":200,"column":0},"end":{"line":200,"column":36}},"200":{"start":{"line":201,"column":0},"end":{"line":201,"column":14}},"201":{"start":{"line":202,"column":0},"end":{"line":202,"column":172}},"203":{"start":{"line":204,"column":0},"end":{"line":204,"column":46}},"205":{"start":{"line":206,"column":0},"end":{"line":206,"column":19}},"206":{"start":{"line":207,"column":0},"end":{"line":207,"column":11}},"208":{"start":{"line":209,"column":0},"end":{"line":209,"column":14}},"210":{"start":{"line":211,"column":0},"end":{"line":211,"column":2}}},"s":{"0":1,"1":1,"2":1,"3":1,"5":1,"6":1,"7":1,"8":1,"9":1,"25":1,"26":5,"27":5,"28":5,"29":5,"30":5,"31":5,"32":5,"33":5,"34":5,"35":5,"36":5,"37":5,"38":5,"39":5,"41":5,"42":5,"43":5,"44":5,"45":5,"46":5,"47":5,"48":5,"49":5,"50":5,"51":5,"52":5,"54":5,"55":5,"56":5,"57":5,"59":5,"60":5,"61":5,"62":5,"63":5,"64":0,"65":0,"66":0,"67":0,"69":5,"70":0,"71":0,"72":0,"73":0,"74":0,"75":0,"77":0,"78":0,"79":0,"80":0,"82":0,"83":0,"84":0,"85":0,"86":0,"88":0,"89":0,"90":0,"91":0,"93":0,"94":0,"95":0,"96":0,"97":0,"98":0,"100":0,"101":0,"102":0,"103":0,"104":0,"105":0,"106":0,"108":0,"109":0,"110":0,"112":5,"113":5,"114":5,"115":5,"116":5,"117":5,"118":5,"119":5,"120":5,"121":5,"122":5,"124":5,"125":4,"126":4,"127":4,"128":4,"129":4,"130":4,"131":0,"132":0,"133":0,"134":4,"136":4,"137":4,"138":4,"139":4,"140":4,"141":4,"142":0,"143":0,"144":0,"145":4,"147":4,"148":4,"150":5,"152":5,"154":5,"155":0,"156":5,"158":5,"159":5,"160":5,"161":5,"162":5,"163":5,"164":5,"165":5,"166":0,"167":5,"168":0,"169":5,"171":5,"172":5,"173":0,"174":5,"175":0,"176":5,"178":5,"179":1,"181":1,"182":0,"183":0,"184":0,"186":1,"187":1,"189":5,"190":5,"191":5,"192":5,"193":5,"195":5,"196":5,"197":5,"198":0,"199":0,"200":0,"201":5,"203":5,"205":5,"206":5,"208":5,"210":5},"branchMap":{"0":{"type":"branch","line":26,"loc":{"start":{"line":26,"column":24},"end":{"line":211,"column":2}},"locations":[{"start":{"line":26,"column":24},"end":{"line":211,"column":2}}]},"1":{"type":"branch","line":70,"loc":{"start":{"line":70,"column":7},"end":{"line":111,"column":15}},"locations":[{"start":{"line":70,"column":7},"end":{"line":111,"column":15}}]},"2":{"type":"branch","line":125,"loc":{"start":{"line":125,"column":13},"end":{"line":149,"column":20}},"locations":[{"start":{"line":125,"column":13},"end":{"line":149,"column":20}}]},"3":{"type":"branch","line":155,"loc":{"start":{"line":155,"column":16},"end":{"line":156,"column":126}},"locations":[{"start":{"line":155,"column":16},"end":{"line":156,"column":126}}]},"4":{"type":"branch","line":160,"loc":{"start":{"line":160,"column":21},"end":{"line":160,"column":45}},"locations":[{"start":{"line":160,"column":21},"end":{"line":160,"column":45}}]},"5":{"type":"branch","line":162,"loc":{"start":{"line":162,"column":14},"end":{"line":162,"column":27}},"locations":[{"start":{"line":162,"column":14},"end":{"line":162,"column":27}}]},"6":{"type":"branch","line":163,"loc":{"start":{"line":163,"column":16},"end":{"line":163,"column":45}},"locations":[{"start":{"line":163,"column":16},"end":{"line":163,"column":45}}]},"7":{"type":"branch","line":166,"loc":{"start":{"line":166,"column":15},"end":{"line":167,"column":38}},"locations":[{"start":{"line":166,"column":15},"end":{"line":167,"column":38}}]},"8":{"type":"branch","line":168,"loc":{"start":{"line":168,"column":18},"end":{"line":169,"column":36}},"locations":[{"start":{"line":168,"column":18},"end":{"line":169,"column":36}}]},"9":{"type":"branch","line":173,"loc":{"start":{"line":173,"column":15},"end":{"line":174,"column":38}},"locations":[{"start":{"line":173,"column":15},"end":{"line":174,"column":38}}]},"10":{"type":"branch","line":175,"loc":{"start":{"line":175,"column":18},"end":{"line":176,"column":36}},"locations":[{"start":{"line":175,"column":18},"end":{"line":176,"column":36}}]},"11":{"type":"branch","line":191,"loc":{"start":{"line":191,"column":41},"end":{"line":191,"column":84}},"locations":[{"start":{"line":191,"column":41},"end":{"line":191,"column":84}}]},"12":{"type":"branch","line":179,"loc":{"start":{"line":179,"column":21},"end":{"line":188,"column":14}},"locations":[{"start":{"line":179,"column":21},"end":{"line":188,"column":14}}]},"13":{"type":"branch","line":182,"loc":{"start":{"line":182,"column":32},"end":{"line":185,"column":15}},"locations":[{"start":{"line":182,"column":32},"end":{"line":185,"column":15}}]}},"b":{"0":[5],"1":[0],"2":[4],"3":[0],"4":[0],"5":[0],"6":[0],"7":[0],"8":[0],"9":[0],"10":[0],"11":[0],"12":[1],"13":[0]},"fnMap":{"0":{"name":"PostCard","decl":{"start":{"line":26,"column":24},"end":{"line":211,"column":2}},"loc":{"start":{"line":26,"column":24},"end":{"line":211,"column":2}},"line":26},"1":{"name":"onClick","decl":{"start":{"line":64,"column":15},"end":{"line":68,"column":8}},"loc":{"start":{"line":64,"column":15},"end":{"line":68,"column":8}},"line":64},"2":{"name":"onClick","decl":{"start":{"line":106,"column":23},"end":{"line":106,"column":49}},"loc":{"start":{"line":106,"column":23},"end":{"line":106,"column":49}},"line":106},"3":{"name":"onClick","decl":{"start":{"line":131,"column":27},"end":{"line":134,"column":20}},"loc":{"start":{"line":131,"column":27},"end":{"line":134,"column":20}},"line":131},"4":{"name":"onClick","decl":{"start":{"line":142,"column":27},"end":{"line":145,"column":20}},"loc":{"start":{"line":142,"column":27},"end":{"line":145,"column":20}},"line":142},"5":{"name":"onClick","decl":{"start":{"line":179,"column":21},"end":{"line":188,"column":14}},"loc":{"start":{"line":179,"column":21},"end":{"line":188,"column":14}},"line":179},"6":{"name":"onClick","decl":{"start":{"line":198,"column":21},"end":{"line":201,"column":14}},"loc":{"start":{"line":198,"column":21},"end":{"line":201,"column":14}},"line":198}},"f":{"0":5,"1":0,"2":0,"3":0,"4":0,"5":1,"6":0}}
,"/home/joao-vitor-bs/teste_dev/teste-dev-frontend/mini-twitter-frontend-main/src/components/PostComposer.tsx": {"path":"/home/joao-vitor-bs/teste_dev/teste-dev-frontend/mini-twitter-frontend-main/src/components/PostComposer.tsx","all":false,"statementMap":{"0":{"start":{"line":1,"column":0},"end":{"line":1,"column":33}},"1":{"start":{"line":2,"column":0},"end":{"line":2,"column":54}},"2":{"start":{"line":3,"column":0},"end":{"line":3,"column":42}},"3":{"start":{"line":4,"column":0},"end":{"line":4,"column":41}},"4":{"start":{"line":5,"column":0},"end":{"line":5,"column":62}},"5":{"start":{"line":6,"column":0},"end":{"line":6,"column":48}},"6":{"start":{"line":7,"column":0},"end":{"line":7,"column":46}},"7":{"start":{"line":8,"column":0},"end":{"line":8,"column":52}},"8":{"start":{"line":9,"column":0},"end":{"line":9,"column":46}},"15":{"start":{"line":16,"column":0},"end":{"line":16,"column":79}},"16":{"start":{"line":17,"column":0},"end":{"line":17,"column":62}},"18":{"start":{"line":19,"column":0},"end":{"line":19,"column":9}},"19":{"start":{"line":20,"column":0},"end":{"line":20,"column":13}},"20":{"start":{"line":21,"column":0},"end":{"line":21,"column":17}},"21":{"start":{"line":22,"column":0},"end":{"line":22,"column":10}},"22":{"start":{"line":23,"column":0},"end":{"line":23,"column":26}},"23":{"start":{"line":24,"column":0},"end":{"line":24,"column":27}},"24":{"start":{"line":25,"column":0},"end":{"line":25,"column":38}},"25":{"start":{"line":26,"column":0},"end":{"line":26,"column":20}},"26":{"start":{"line":27,"column":0},"end":{"line":27,"column":16}},"27":{"start":{"line":28,"column":0},"end":{"line":28,"column":18}},"28":{"start":{"line":29,"column":0},"end":{"line":29,"column":16}},"29":{"start":{"line":30,"column":0},"end":{"line":30,"column":6}},"30":{"start":{"line":31,"column":0},"end":{"line":31,"column":5}},"32":{"start":{"line":33,"column":0},"end":{"line":33,"column":10}},"33":{"start":{"line":34,"column":0},"end":{"line":34,"column":9}},"34":{"start":{"line":35,"column":0},"end":{"line":35,"column":64}},"35":{"start":{"line":36,"column":0},"end":{"line":36,"column":48}},"36":{"start":{"line":37,"column":0},"end":{"line":37,"column":35}},"37":{"start":{"line":38,"column":0},"end":{"line":38,"column":53}},"38":{"start":{"line":39,"column":0},"end":{"line":39,"column":33}},"39":{"start":{"line":40,"column":0},"end":{"line":40,"column":9}},"41":{"start":{"line":42,"column":0},"end":{"line":42,"column":62}},"42":{"start":{"line":43,"column":0},"end":{"line":43,"column":61}},"43":{"start":{"line":44,"column":0},"end":{"line":44,"column":83}},"44":{"start":{"line":45,"column":0},"end":{"line":45,"column":12}},"46":{"start":{"line":47,"column":0},"end":{"line":47,"column":28}},"47":{"start":{"line":48,"column":0},"end":{"line":48,"column":14}},"48":{"start":{"line":49,"column":0},"end":{"line":49,"column":32}},"49":{"start":{"line":50,"column":0},"end":{"line":50,"column":42}},"50":{"start":{"line":51,"column":0},"end":{"line":51,"column":10}},"51":{"start":{"line":52,"column":0},"end":{"line":52,"column":104}},"52":{"start":{"line":53,"column":0},"end":{"line":53,"column":12}},"54":{"start":{"line":55,"column":0},"end":{"line":55,"column":28}},"55":{"start":{"line":56,"column":0},"end":{"line":56,"column":17}},"56":{"start":{"line":57,"column":0},"end":{"line":57,"column":34}},"57":{"start":{"line":58,"column":0},"end":{"line":58,"column":26}},"58":{"start":{"line":59,"column":0},"end":{"line":59,"column":65}},"59":{"start":{"line":60,"column":0},"end":{"line":60,"column":10}},"60":{"start":{"line":61,"column":0},"end":{"line":61,"column":108}},"61":{"start":{"line":62,"column":0},"end":{"line":62,"column":12}},"63":{"start":{"line":64,"column":0},"end":{"line":64,"column":41}},"64":{"start":{"line":65,"column":0},"end":{"line":65,"column":30}},"65":{"start":{"line":66,"column":0},"end":{"line":66,"column":16}},"66":{"start":{"line":67,"column":0},"end":{"line":67,"column":34}},"67":{"start":{"line":68,"column":0},"end":{"line":68,"column":50}},"68":{"start":{"line":69,"column":0},"end":{"line":69,"column":12}},"69":{"start":{"line":70,"column":0},"end":{"line":70,"column":106}},"70":{"start":{"line":71,"column":0},"end":{"line":71,"column":14}},"71":{"start":{"line":72,"column":0},"end":{"line":72,"column":15}},"73":{"start":{"line":74,"column":0},"end":{"line":74,"column":59}},"74":{"start":{"line":75,"column":0},"end":{"line":75,"column":15}},"75":{"start":{"line":76,"column":0},"end":{"line":76,"column":23}},"76":{"start":{"line":77,"column":0},"end":{"line":77,"column":25}},"77":{"start":{"line":78,"column":0},"end":{"line":78,"column":21}},"78":{"start":{"line":79,"column":0},"end":{"line":79,"column":91}},"79":{"start":{"line":80,"column":0},"end":{"line":80,"column":36}},"80":{"start":{"line":81,"column":0},"end":{"line":81,"column":60}},"82":{"start":{"line":83,"column":0},"end":{"line":83,"column":43}},"83":{"start":{"line":84,"column":0},"end":{"line":84,"column":17}},"85":{"start":{"line":86,"column":0},"end":{"line":86,"column":15}},"86":{"start":{"line":87,"column":0},"end":{"line":87,"column":23}},"87":{"start":{"line":88,"column":0},"end":{"line":88,"column":28}},"88":{"start":{"line":89,"column":0},"end":{"line":89,"column":33}},"90":{"start":{"line":91,"column":0},"end":{"line":91,"column":48}},"91":{"start":{"line":92,"column":0},"end":{"line":92,"column":17}},"92":{"start":{"line":93,"column":0},"end":{"line":93,"column":12}},"93":{"start":{"line":94,"column":0},"end":{"line":94,"column":11}},"95":{"start":{"line":96,"column":0},"end":{"line":96,"column":2}}},"s":{"0":1,"1":1,"2":1,"3":1,"4":1,"5":1,"6":1,"7":1,"8":1,"15":1,"16":6,"18":6,"19":6,"20":6,"21":6,"22":6,"23":6,"24":6,"25":6,"26":6,"27":6,"28":6,"29":6,"30":6,"32":6,"33":6,"34":6,"35":6,"36":1,"37":1,"38":1,"39":6,"41":6,"42":6,"43":6,"44":6,"46":6,"47":6,"48":6,"49":6,"50":6,"51":6,"52":6,"54":6,"55":6,"56":6,"57":6,"58":6,"59":6,"60":6,"61":6,"63":6,"64":1,"65":1,"66":1,"67":1,"68":1,"69":1,"70":1,"71":5,"73":6,"74":6,"75":6,"76":6,"77":6,"78":6,"79":6,"80":6,"82":6,"83":6,"85":6,"86":6,"87":6,"88":6,"90":6,"91":6,"92":6,"93":6,"95":6},"branchMap":{"0":{"type":"branch","line":16,"loc":{"start":{"line":16,"column":28},"end":{"line":96,"column":2}},"locations":[{"start":{"line":16,"column":28},"end":{"line":96,"column":2}}]},"1":{"type":"branch","line":52,"loc":{"start":{"line":52,"column":16},"end":{"line":52,"column":104}},"locations":[{"start":{"line":52,"column":16},"end":{"line":52,"column":104}}]},"2":{"type":"branch","line":61,"loc":{"start":{"line":61,"column":16},"end":{"line":61,"column":108}},"locations":[{"start":{"line":61,"column":16},"end":{"line":61,"column":108}}]},"3":{"type":"branch","line":64,"loc":{"start":{"line":64,"column":7},"end":{"line":64,"column":41}},"locations":[{"start":{"line":64,"column":7},"end":{"line":64,"column":41}}]},"4":{"type":"branch","line":64,"loc":{"start":{"line":64,"column":32},"end":{"line":71,"column":14}},"locations":[{"start":{"line":64,"column":32},"end":{"line":71,"column":14}}]},"5":{"type":"branch","line":70,"loc":{"start":{"line":70,"column":18},"end":{"line":70,"column":106}},"locations":[{"start":{"line":70,"column":18},"end":{"line":70,"column":106}}]},"6":{"type":"branch","line":71,"loc":{"start":{"line":71,"column":8},"end":{"line":72,"column":15}},"locations":[{"start":{"line":71,"column":8},"end":{"line":72,"column":15}}]},"7":{"type":"branch","line":91,"loc":{"start":{"line":91,"column":11},"end":{"line":91,"column":39}},"locations":[{"start":{"line":91,"column":11},"end":{"line":91,"column":39}}]},"8":{"type":"branch","line":36,"loc":{"start":{"line":36,"column":29},"end":{"line":40,"column":7}},"locations":[{"start":{"line":36,"column":29},"end":{"line":40,"column":7}}]},"9":{"type":"branch","line":81,"loc":{"start":{"line":81,"column":19},"end":{"line":81,"column":60}},"locations":[{"start":{"line":81,"column":19},"end":{"line":81,"column":60}}]},"10":{"type":"branch","line":81,"loc":{"start":{"line":81,"column":43},"end":{"line":81,"column":58}},"locations":[{"start":{"line":81,"column":43},"end":{"line":81,"column":58}}]}},"b":{"0":[6],"1":[0],"2":[0],"3":[5],"4":[1],"5":[0],"6":[5],"7":[0],"8":[1],"9":[1],"10":[1]},"fnMap":{"0":{"name":"PostComposer","decl":{"start":{"line":16,"column":28},"end":{"line":96,"column":2}},"loc":{"start":{"line":16,"column":28},"end":{"line":96,"column":2}},"line":16},"1":{"name":"onClick","decl":{"start":{"line":81,"column":19},"end":{"line":81,"column":60}},"loc":{"start":{"line":81,"column":19},"end":{"line":81,"column":60}},"line":81}},"f":{"0":6,"1":1}}
,"/home/joao-vitor-bs/teste_dev/teste-dev-frontend/mini-twitter-frontend-main/src/components/ProtectedRoute.tsx": {"path":"/home/joao-vitor-bs/teste_dev/teste-dev-frontend/mini-twitter-frontend-main/src/components/ProtectedRoute.tsx","all":false,"statementMap":{"0":{"start":{"line":1,"column":0},"end":{"line":1,"column":52}},"1":{"start":{"line":2,"column":0},"end":{"line":2,"column":49}},"3":{"start":{"line":4,"column":0},"end":{"line":4,"column":37}},"4":{"start":{"line":5,"column":0},"end":{"line":5,"column":40}},"6":{"start":{"line":7,"column":0},"end":{"line":7,"column":25}},"7":{"start":{"line":8,"column":0},"end":{"line":8,"column":43}},"8":{"start":{"line":9,"column":0},"end":{"line":9,"column":3}},"10":{"start":{"line":11,"column":0},"end":{"line":11,"column":20}},"11":{"start":{"line":12,"column":0},"end":{"line":12,"column":2}}},"s":{"0":1,"1":1,"3":1,"4":2,"6":2,"7":1,"8":1,"10":1,"11":1},"branchMap":{"0":{"type":"branch","line":4,"loc":{"start":{"line":4,"column":30},"end":{"line":12,"column":2}},"locations":[{"start":{"line":4,"column":30},"end":{"line":12,"column":2}}]},"1":{"type":"branch","line":7,"loc":{"start":{"line":7,"column":24},"end":{"line":12,"column":2}},"locations":[{"start":{"line":7,"column":24},"end":{"line":12,"column":2}}]}},"b":{"0":[2],"1":[1]},"fnMap":{"0":{"name":"ProtectedRoute","decl":{"start":{"line":4,"column":30},"end":{"line":12,"column":2}},"loc":{"start":{"line":4,"column":30},"end":{"line":12,"column":2}},"line":4}},"f":{"0":2}}
,"/home/joao-vitor-bs/teste_dev/teste-dev-frontend/mini-twitter-frontend-main/src/components/ThemeToggleButton.tsx": {"path":"/home/joao-vitor-bs/teste_dev/teste-dev-frontend/mini-twitter-frontend-main/src/components/ThemeToggleButton.tsx","all":false,"statementMap":{"0":{"start":{"line":1,"column":0},"end":{"line":1,"column":41}},"1":{"start":{"line":2,"column":0},"end":{"line":2,"column":51}},"2":{"start":{"line":3,"column":0},"end":{"line":3,"column":48}},"8":{"start":{"line":9,"column":0},"end":{"line":9,"column":77}},"9":{"start":{"line":10,"column":0},"end":{"line":10,"column":44}},"11":{"start":{"line":12,"column":0},"end":{"line":12,"column":10}},"12":{"start":{"line":13,"column":0},"end":{"line":13,"column":11}},"13":{"start":{"line":14,"column":0},"end":{"line":14,"column":19}},"14":{"start":{"line":15,"column":0},"end":{"line":15,"column":23}},"15":{"start":{"line":16,"column":0},"end":{"line":16,"column":17}},"16":{"start":{"line":17,"column":0},"end":{"line":17,"column":27}},"17":{"start":{"line":18,"column":0},"end":{"line":18,"column":89}},"18":{"start":{"line":19,"column":0},"end":{"line":19,"column":81}},"19":{"start":{"line":20,"column":0},"end":{"line":20,"column":76}},"21":{"start":{"line":22,"column":0},"end":{"line":22,"column":146}},"23":{"start":{"line":24,"column":0},"end":{"line":24,"column":10}},"24":{"start":{"line":25,"column":0},"end":{"line":25,"column":73}},"25":{"start":{"line":26,"column":0},"end":{"line":26,"column":72}},"26":{"start":{"line":27,"column":0},"end":{"line":27,"column":11}},"27":{"start":{"line":28,"column":0},"end":{"line":28,"column":8}},"28":{"start":{"line":29,"column":0},"end":{"line":29,"column":11}},"29":{"start":{"line":30,"column":0},"end":{"line":30,"column":80}},"30":{"start":{"line":31,"column":0},"end":{"line":31,"column":72}},"31":{"start":{"line":32,"column":0},"end":{"line":32,"column":11}},"32":{"start":{"line":33,"column":0},"end":{"line":33,"column":8}},"33":{"start":{"line":34,"column":0},"end":{"line":34,"column":13}},"35":{"start":{"line":36,"column":0},"end":{"line":36,"column":2}}},"s":{"0":1,"1":1,"2":1,"8":1,"9":3,"11":3,"12":3,"13":3,"14":3,"15":3,"16":3,"17":3,"18":3,"19":3,"21":3,"23":3,"24":3,"25":3,"26":3,"27":3,"28":3,"29":3,"30":3,"31":3,"32":3,"33":3,"35":3},"branchMap":{"0":{"type":"branch","line":9,"loc":{"start":{"line":9,"column":33},"end":{"line":36,"column":2}},"locations":[{"start":{"line":9,"column":33},"end":{"line":36,"column":2}}]},"1":{"type":"branch","line":19,"loc":{"start":{"line":19,"column":28},"end":{"line":19,"column":61}},"locations":[{"start":{"line":19,"column":28},"end":{"line":19,"column":61}}]},"2":{"type":"branch","line":19,"loc":{"start":{"line":19,"column":38},"end":{"line":19,"column":81}},"locations":[{"start":{"line":19,"column":38},"end":{"line":19,"column":81}}]},"3":{"type":"branch","line":20,"loc":{"start":{"line":20,"column":23},"end":{"line":20,"column":56}},"locations":[{"start":{"line":20,"column":23},"end":{"line":20,"column":56}}]},"4":{"type":"branch","line":20,"loc":{"start":{"line":20,"column":33},"end":{"line":20,"column":76}},"locations":[{"start":{"line":20,"column":33},"end":{"line":20,"column":76}}]},"5":{"type":"branch","line":26,"loc":{"start":{"line":26,"column":20},"end":{"line":26,"column":52}},"locations":[{"start":{"line":26,"column":20},"end":{"line":26,"column":52}}]},"6":{"type":"branch","line":26,"loc":{"start":{"line":26,"column":29},"end":{"line":26,"column":72}},"locations":[{"start":{"line":26,"column":29},"end":{"line":26,"column":72}}]},"7":{"type":"branch","line":31,"loc":{"start":{"line":31,"column":20},"end":{"line":31,"column":53}},"locations":[{"start":{"line":31,"column":20},"end":{"line":31,"column":53}}]},"8":{"type":"branch","line":31,"loc":{"start":{"line":31,"column":30},"end":{"line":31,"column":72}},"locations":[{"start":{"line":31,"column":30},"end":{"line":31,"column":72}}]}},"b":{"0":[3],"1":[2],"2":[1],"3":[2],"4":[1],"5":[1],"6":[2],"7":[2],"8":[1]},"fnMap":{"0":{"name":"ThemeToggleButton","decl":{"start":{"line":9,"column":33},"end":{"line":36,"column":2}},"loc":{"start":{"line":9,"column":33},"end":{"line":36,"column":2}},"line":9}},"f":{"0":3}}
,"/home/joao-vitor-bs/teste_dev/teste-dev-frontend/mini-twitter-frontend-main/src/components/ui/badge.tsx": {"path":"/home/joao-vitor-bs/teste_dev/teste-dev-frontend/mini-twitter-frontend-main/src/components/ui/badge.tsx","all":false,"statementMap":{"0":{"start":{"line":1,"column":0},"end":{"line":1,"column":31}},"1":{"start":{"line":2,"column":0},"end":{"line":2,"column":66}},"3":{"start":{"line":4,"column":0},"end":{"line":4,"column":33}},"5":{"start":{"line":6,"column":0},"end":{"line":6,"column":26}},"6":{"start":{"line":7,"column":0},"end":{"line":7,"column":96}},"7":{"start":{"line":8,"column":0},"end":{"line":8,"column":3}},"8":{"start":{"line":9,"column":0},"end":{"line":9,"column":15}},"9":{"start":{"line":10,"column":0},"end":{"line":10,"column":16}},"10":{"start":{"line":11,"column":0},"end":{"line":11,"column":70}},"11":{"start":{"line":12,"column":0},"end":{"line":12,"column":97}},"12":{"start":{"line":13,"column":0},"end":{"line":13,"column":64}},"13":{"start":{"line":14,"column":0},"end":{"line":14,"column":68}},"14":{"start":{"line":15,"column":0},"end":{"line":15,"column":8}},"15":{"start":{"line":16,"column":0},"end":{"line":16,"column":6}},"16":{"start":{"line":17,"column":0},"end":{"line":17,"column":22}},"17":{"start":{"line":18,"column":0},"end":{"line":18,"column":25}},"18":{"start":{"line":19,"column":0},"end":{"line":19,"column":6}},"19":{"start":{"line":20,"column":0},"end":{"line":20,"column":4}},"20":{"start":{"line":21,"column":0},"end":{"line":21,"column":2}},"22":{"start":{"line":23,"column":0},"end":{"line":23,"column":117}},"23":{"start":{"line":24,"column":0},"end":{"line":24,"column":101}},"24":{"start":{"line":25,"column":0},"end":{"line":25,"column":1}}},"s":{"0":1,"1":1,"3":1,"5":1,"6":1,"7":1,"8":1,"9":1,"10":1,"11":1,"12":1,"13":1,"14":1,"15":1,"16":1,"17":1,"18":1,"19":1,"20":1,"22":17,"23":17,"24":17},"branchMap":{"0":{"type":"branch","line":23,"loc":{"start":{"line":23,"column":0},"end":{"line":25,"column":1}},"locations":[{"start":{"line":23,"column":0},"end":{"line":25,"column":1}}]}},"b":{"0":[17]},"fnMap":{"0":{"name":"Badge","decl":{"start":{"line":23,"column":0},"end":{"line":25,"column":1}},"loc":{"start":{"line":23,"column":0},"end":{"line":25,"column":1}},"line":23}},"f":{"0":17}}
,"/home/joao-vitor-bs/teste_dev/teste-dev-frontend/mini-twitter-frontend-main/src/components/ui/button.tsx": {"path":"/home/joao-vitor-bs/teste_dev/teste-dev-frontend/mini-twitter-frontend-main/src/components/ui/button.tsx","all":false,"statementMap":{"0":{"start":{"line":1,"column":0},"end":{"line":1,"column":31}},"1":{"start":{"line":2,"column":0},"end":{"line":2,"column":44}},"2":{"start":{"line":3,"column":0},"end":{"line":3,"column":66}},"4":{"start":{"line":5,"column":0},"end":{"line":5,"column":33}},"6":{"start":{"line":7,"column":0},"end":{"line":7,"column":27}},"7":{"start":{"line":8,"column":0},"end":{"line":8,"column":253}},"8":{"start":{"line":9,"column":0},"end":{"line":9,"column":3}},"9":{"start":{"line":10,"column":0},"end":{"line":10,"column":15}},"10":{"start":{"line":11,"column":0},"end":{"line":11,"column":16}},"11":{"start":{"line":12,"column":0},"end":{"line":12,"column":85}},"12":{"start":{"line":13,"column":0},"end":{"line":13,"column":62}},"13":{"start":{"line":14,"column":0},"end":{"line":14,"column":109}},"14":{"start":{"line":15,"column":0},"end":{"line":15,"column":91}},"15":{"start":{"line":16,"column":0},"end":{"line":16,"column":51}},"16":{"start":{"line":17,"column":0},"end":{"line":17,"column":74}},"17":{"start":{"line":18,"column":0},"end":{"line":18,"column":8}},"18":{"start":{"line":19,"column":0},"end":{"line":19,"column":13}},"19":{"start":{"line":20,"column":0},"end":{"line":20,"column":34}},"20":{"start":{"line":21,"column":0},"end":{"line":21,"column":34}},"21":{"start":{"line":22,"column":0},"end":{"line":22,"column":35}},"22":{"start":{"line":23,"column":0},"end":{"line":23,"column":26}},"23":{"start":{"line":24,"column":0},"end":{"line":24,"column":8}},"24":{"start":{"line":25,"column":0},"end":{"line":25,"column":6}},"25":{"start":{"line":26,"column":0},"end":{"line":26,"column":22}},"26":{"start":{"line":27,"column":0},"end":{"line":27,"column":25}},"27":{"start":{"line":28,"column":0},"end":{"line":28,"column":22}},"28":{"start":{"line":29,"column":0},"end":{"line":29,"column":6}},"29":{"start":{"line":30,"column":0},"end":{"line":30,"column":4}},"30":{"start":{"line":31,"column":0},"end":{"line":31,"column":2}},"32":{"start":{"line":33,"column":0},"end":{"line":33,"column":17}},"33":{"start":{"line":34,"column":0},"end":{"line":34,"column":12}},"34":{"start":{"line":35,"column":0},"end":{"line":35,"column":10}},"35":{"start":{"line":36,"column":0},"end":{"line":36,"column":7}},"36":{"start":{"line":37,"column":0},"end":{"line":37,"column":18}},"37":{"start":{"line":38,"column":0},"end":{"line":38,"column":10}},"38":{"start":{"line":39,"column":0},"end":{"line":39,"column":35}},"41":{"start":{"line":42,"column":0},"end":{"line":42,"column":6}},"42":{"start":{"line":43,"column":0},"end":{"line":43,"column":41}},"44":{"start":{"line":45,"column":0},"end":{"line":45,"column":109}},"45":{"start":{"line":46,"column":0},"end":{"line":46,"column":1}}},"s":{"0":1,"1":1,"2":1,"4":1,"6":1,"7":1,"8":1,"9":1,"10":1,"11":1,"12":1,"13":1,"14":1,"15":1,"16":1,"17":1,"18":1,"19":1,"20":1,"21":1,"22":1,"23":1,"24":1,"25":1,"26":1,"27":1,"28":1,"29":1,"30":1,"32":34,"33":34,"34":34,"35":34,"36":34,"37":34,"38":34,"41":34,"42":34,"44":34,"45":34},"branchMap":{"0":{"type":"branch","line":33,"loc":{"start":{"line":33,"column":0},"end":{"line":46,"column":1}},"locations":[{"start":{"line":33,"column":0},"end":{"line":46,"column":1}}]},"1":{"type":"branch","line":43,"loc":{"start":{"line":43,"column":15},"end":{"line":43,"column":32}},"locations":[{"start":{"line":43,"column":15},"end":{"line":43,"column":32}}]}},"b":{"0":[34],"1":[0]},"fnMap":{"0":{"name":"Button","decl":{"start":{"line":33,"column":0},"end":{"line":46,"column":1}},"loc":{"start":{"line":33,"column":0},"end":{"line":46,"column":1}},"line":33}},"f":{"0":34}}
,"/home/joao-vitor-bs/teste_dev/teste-dev-frontend/mini-twitter-frontend-main/src/components/ui/card.tsx": {"path":"/home/joao-vitor-bs/teste_dev/teste-dev-frontend/mini-twitter-frontend-main/src/components/ui/card.tsx","all":false,"statementMap":{"0":{"start":{"line":1,"column":0},"end":{"line":1,"column":31}},"2":{"start":{"line":3,"column":0},"end":{"line":3,"column":33}},"4":{"start":{"line":5,"column":0},"end":{"line":5,"column":69}},"5":{"start":{"line":6,"column":0},"end":{"line":6,"column":10}},"6":{"start":{"line":7,"column":0},"end":{"line":7,"column":8}},"7":{"start":{"line":8,"column":0},"end":{"line":8,"column":22}},"8":{"start":{"line":9,"column":0},"end":{"line":9,"column":128}},"9":{"start":{"line":10,"column":0},"end":{"line":10,"column":16}},"10":{"start":{"line":11,"column":0},"end":{"line":11,"column":6}},"12":{"start":{"line":13,"column":0},"end":{"line":13,"column":1}},"14":{"start":{"line":15,"column":0},"end":{"line":15,"column":75}},"15":{"start":{"line":16,"column":0},"end":{"line":16,"column":107}},"16":{"start":{"line":17,"column":0},"end":{"line":17,"column":1}},"18":{"start":{"line":19,"column":0},"end":{"line":19,"column":73}},"19":{"start":{"line":20,"column":0},"end":{"line":20,"column":129}},"20":{"start":{"line":21,"column":0},"end":{"line":21,"column":1}},"22":{"start":{"line":23,"column":0},"end":{"line":23,"column":78}},"23":{"start":{"line":24,"column":0},"end":{"line":24,"column":115}},"24":{"start":{"line":25,"column":0},"end":{"line":25,"column":1}},"26":{"start":{"line":27,"column":0},"end":{"line":27,"column":76}},"27":{"start":{"line":28,"column":0},"end":{"line":28,"column":92}},"28":{"start":{"line":29,"column":0},"end":{"line":29,"column":1}},"30":{"start":{"line":31,"column":0},"end":{"line":31,"column":75}},"31":{"start":{"line":32,"column":0},"end":{"line":32,"column":109}},"32":{"start":{"line":33,"column":0},"end":{"line":33,"column":1}}},"s":{"0":1,"2":1,"4":11,"5":11,"6":11,"7":11,"8":11,"9":11,"10":11,"12":11,"14":1,"15":1,"16":1,"18":1,"19":1,"20":1,"22":1,"23":1,"24":1,"26":1,"27":1,"28":1,"30":1,"31":1,"32":1},"branchMap":{"0":{"type":"branch","line":5,"loc":{"start":{"line":5,"column":0},"end":{"line":13,"column":1}},"locations":[{"start":{"line":5,"column":0},"end":{"line":13,"column":1}}]},"1":{"type":"branch","line":15,"loc":{"start":{"line":15,"column":0},"end":{"line":17,"column":1}},"locations":[{"start":{"line":15,"column":0},"end":{"line":17,"column":1}}]},"2":{"type":"branch","line":19,"loc":{"start":{"line":19,"column":0},"end":{"line":21,"column":1}},"locations":[{"start":{"line":19,"column":0},"end":{"line":21,"column":1}}]},"3":{"type":"branch","line":23,"loc":{"start":{"line":23,"column":0},"end":{"line":25,"column":1}},"locations":[{"start":{"line":23,"column":0},"end":{"line":25,"column":1}}]},"4":{"type":"branch","line":27,"loc":{"start":{"line":27,"column":0},"end":{"line":29,"column":1}},"locations":[{"start":{"line":27,"column":0},"end":{"line":29,"column":1}}]},"5":{"type":"branch","line":31,"loc":{"start":{"line":31,"column":0},"end":{"line":33,"column":1}},"locations":[{"start":{"line":31,"column":0},"end":{"line":33,"column":1}}]}},"b":{"0":[11],"1":[1],"2":[1],"3":[1],"4":[1],"5":[1]},"fnMap":{"0":{"name":"Card","decl":{"start":{"line":5,"column":0},"end":{"line":13,"column":1}},"loc":{"start":{"line":5,"column":0},"end":{"line":13,"column":1}},"line":5},"1":{"name":"CardHeader","decl":{"start":{"line":15,"column":0},"end":{"line":17,"column":1}},"loc":{"start":{"line":15,"column":0},"end":{"line":17,"column":1}},"line":15},"2":{"name":"CardTitle","decl":{"start":{"line":19,"column":0},"end":{"line":21,"column":1}},"loc":{"start":{"line":19,"column":0},"end":{"line":21,"column":1}},"line":19},"3":{"name":"CardDescription","decl":{"start":{"line":23,"column":0},"end":{"line":25,"column":1}},"loc":{"start":{"line":23,"column":0},"end":{"line":25,"column":1}},"line":23},"4":{"name":"CardContent","decl":{"start":{"line":27,"column":0},"end":{"line":29,"column":1}},"loc":{"start":{"line":27,"column":0},"end":{"line":29,"column":1}},"line":27},"5":{"name":"CardFooter","decl":{"start":{"line":31,"column":0},"end":{"line":33,"column":1}},"loc":{"start":{"line":31,"column":0},"end":{"line":33,"column":1}},"line":31}},"f":{"0":11,"1":1,"2":1,"3":1,"4":1,"5":1}}
,"/home/joao-vitor-bs/teste_dev/teste-dev-frontend/mini-twitter-frontend-main/src/components/ui/input.tsx": {"path":"/home/joao-vitor-bs/teste_dev/teste-dev-frontend/mini-twitter-frontend-main/src/components/ui/input.tsx","all":false,"statementMap":{"0":{"start":{"line":1,"column":0},"end":{"line":1,"column":31}},"2":{"start":{"line":3,"column":0},"end":{"line":3,"column":33}},"4":{"start":{"line":5,"column":0},"end":{"line":5,"column":78}},"5":{"start":{"line":6,"column":0},"end":{"line":6,"column":10}},"6":{"start":{"line":7,"column":0},"end":{"line":7,"column":10}},"7":{"start":{"line":8,"column":0},"end":{"line":8,"column":17}},"8":{"start":{"line":9,"column":0},"end":{"line":9,"column":23}},"9":{"start":{"line":10,"column":0},"end":{"line":10,"column":20}},"10":{"start":{"line":11,"column":0},"end":{"line":11,"column":253}},"11":{"start":{"line":12,"column":0},"end":{"line":12,"column":18}},"12":{"start":{"line":13,"column":0},"end":{"line":13,"column":8}},"13":{"start":{"line":14,"column":0},"end":{"line":14,"column":16}},"14":{"start":{"line":15,"column":0},"end":{"line":15,"column":6}},"16":{"start":{"line":17,"column":0},"end":{"line":17,"column":1}}},"s":{"0":1,"2":1,"4":18,"5":18,"6":18,"7":18,"8":18,"9":18,"10":18,"11":18,"12":18,"13":18,"14":18,"16":18},"branchMap":{"0":{"type":"branch","line":5,"loc":{"start":{"line":5,"column":0},"end":{"line":17,"column":1}},"locations":[{"start":{"line":5,"column":0},"end":{"line":17,"column":1}}]}},"b":{"0":[18]},"fnMap":{"0":{"name":"Input","decl":{"start":{"line":5,"column":0},"end":{"line":17,"column":1}},"loc":{"start":{"line":5,"column":0},"end":{"line":17,"column":1}},"line":5}},"f":{"0":18}}
,"/home/joao-vitor-bs/teste_dev/teste-dev-frontend/mini-twitter-frontend-main/src/components/ui/tabs.tsx": {"path":"/home/joao-vitor-bs/teste_dev/teste-dev-frontend/mini-twitter-frontend-main/src/components/ui/tabs.tsx","all":false,"statementMap":{"0":{"start":{"line":1,"column":0},"end":{"line":1,"column":31}},"1":{"start":{"line":2,"column":0},"end":{"line":2,"column":54}},"3":{"start":{"line":4,"column":0},"end":{"line":4,"column":33}},"5":{"start":{"line":6,"column":0},"end":{"line":6,"column":89}},"6":{"start":{"line":7,"column":0},"end":{"line":7,"column":109}},"7":{"start":{"line":8,"column":0},"end":{"line":8,"column":1}},"9":{"start":{"line":10,"column":0},"end":{"line":10,"column":93}},"10":{"start":{"line":11,"column":0},"end":{"line":11,"column":10}},"11":{"start":{"line":12,"column":0},"end":{"line":12,"column":23}},"12":{"start":{"line":13,"column":0},"end":{"line":13,"column":27}},"13":{"start":{"line":14,"column":0},"end":{"line":14,"column":131}},"14":{"start":{"line":15,"column":0},"end":{"line":15,"column":16}},"15":{"start":{"line":16,"column":0},"end":{"line":16,"column":6}},"17":{"start":{"line":18,"column":0},"end":{"line":18,"column":1}},"19":{"start":{"line":20,"column":0},"end":{"line":20,"column":99}},"20":{"start":{"line":21,"column":0},"end":{"line":21,"column":10}},"21":{"start":{"line":22,"column":0},"end":{"line":22,"column":26}},"22":{"start":{"line":23,"column":0},"end":{"line":23,"column":30}},"23":{"start":{"line":24,"column":0},"end":{"line":24,"column":20}},"24":{"start":{"line":25,"column":0},"end":{"line":25,"column":241}},"25":{"start":{"line":26,"column":0},"end":{"line":26,"column":18}},"26":{"start":{"line":27,"column":0},"end":{"line":27,"column":8}},"27":{"start":{"line":28,"column":0},"end":{"line":28,"column":16}},"28":{"start":{"line":29,"column":0},"end":{"line":29,"column":6}},"30":{"start":{"line":31,"column":0},"end":{"line":31,"column":1}},"32":{"start":{"line":33,"column":0},"end":{"line":33,"column":99}},"33":{"start":{"line":34,"column":0},"end":{"line":34,"column":113}},"34":{"start":{"line":35,"column":0},"end":{"line":35,"column":1}}},"s":{"0":1,"1":1,"3":1,"5":6,"6":6,"7":6,"9":6,"10":6,"11":6,"12":6,"13":6,"14":6,"15":6,"17":6,"19":12,"20":12,"21":12,"22":12,"23":12,"24":12,"25":12,"26":12,"27":12,"28":12,"30":12,"32":12,"33":12,"34":12},"branchMap":{"0":{"type":"branch","line":6,"loc":{"start":{"line":6,"column":0},"end":{"line":8,"column":1}},"locations":[{"start":{"line":6,"column":0},"end":{"line":8,"column":1}}]},"1":{"type":"branch","line":10,"loc":{"start":{"line":10,"column":0},"end":{"line":18,"column":1}},"locations":[{"start":{"line":10,"column":0},"end":{"line":18,"column":1}}]},"2":{"type":"branch","line":20,"loc":{"start":{"line":20,"column":0},"end":{"line":31,"column":1}},"locations":[{"start":{"line":20,"column":0},"end":{"line":31,"column":1}}]},"3":{"type":"branch","line":33,"loc":{"start":{"line":33,"column":0},"end":{"line":35,"column":1}},"locations":[{"start":{"line":33,"column":0},"end":{"line":35,"column":1}}]}},"b":{"0":[6],"1":[6],"2":[12],"3":[12]},"fnMap":{"0":{"name":"Tabs","decl":{"start":{"line":6,"column":0},"end":{"line":8,"column":1}},"loc":{"start":{"line":6,"column":0},"end":{"line":8,"column":1}},"line":6},"1":{"name":"TabsList","decl":{"start":{"line":10,"column":0},"end":{"line":18,"column":1}},"loc":{"start":{"line":10,"column":0},"end":{"line":18,"column":1}},"line":10},"2":{"name":"TabsTrigger","decl":{"start":{"line":20,"column":0},"end":{"line":31,"column":1}},"loc":{"start":{"line":20,"column":0},"end":{"line":31,"column":1}},"line":20},"3":{"name":"TabsContent","decl":{"start":{"line":33,"column":0},"end":{"line":35,"column":1}},"loc":{"start":{"line":33,"column":0},"end":{"line":35,"column":1}},"line":33}},"f":{"0":6,"1":6,"2":12,"3":12}}
,"/home/joao-vitor-bs/teste_dev/teste-dev-frontend/mini-twitter-frontend-main/src/components/ui/textarea.tsx": {"path":"/home/joao-vitor-bs/teste_dev/teste-dev-frontend/mini-twitter-frontend-main/src/components/ui/textarea.tsx","all":false,"statementMap":{"0":{"start":{"line":1,"column":0},"end":{"line":1,"column":31}},"2":{"start":{"line":3,"column":0},"end":{"line":3,"column":33}},"4":{"start":{"line":5,"column":0},"end":{"line":5,"column":78}},"5":{"start":{"line":6,"column":0},"end":{"line":6,"column":10}},"6":{"start":{"line":7,"column":0},"end":{"line":7,"column":13}},"7":{"start":{"line":8,"column":0},"end":{"line":8,"column":26}},"8":{"start":{"line":9,"column":0},"end":{"line":9,"column":20}},"9":{"start":{"line":10,"column":0},"end":{"line":10,"column":215}},"10":{"start":{"line":11,"column":0},"end":{"line":11,"column":18}},"11":{"start":{"line":12,"column":0},"end":{"line":12,"column":8}},"12":{"start":{"line":13,"column":0},"end":{"line":13,"column":16}},"13":{"start":{"line":14,"column":0},"end":{"line":14,"column":6}},"15":{"start":{"line":16,"column":0},"end":{"line":16,"column":1}}},"s":{"0":1,"2":1,"4":7,"5":7,"6":7,"7":7,"8":7,"9":7,"10":7,"11":7,"12":7,"13":7,"15":7},"branchMap":{"0":{"type":"branch","line":5,"loc":{"start":{"line":5,"column":0},"end":{"line":16,"column":1}},"locations":[{"start":{"line":5,"column":0},"end":{"line":16,"column":1}}]}},"b":{"0":[7]},"fnMap":{"0":{"name":"Textarea","decl":{"start":{"line":5,"column":0},"end":{"line":16,"column":1}},"loc":{"start":{"line":5,"column":0},"end":{"line":16,"column":1}},"line":5}},"f":{"0":7}}
,"/home/joao-vitor-bs/teste_dev/teste-dev-frontend/mini-twitter-frontend-main/src/context/AuthContext.tsx": {"path":"/home/joao-vitor-bs/teste_dev/teste-dev-frontend/mini-twitter-frontend-main/src/context/AuthContext.tsx","all":false,"statementMap":{"0":{"start":{"line":1,"column":0},"end":{"line":1,"column":69}},"2":{"start":{"line":3,"column":0},"end":{"line":3,"column":41}},"13":{"start":{"line":14,"column":0},"end":{"line":14,"column":65}},"15":{"start":{"line":16,"column":0},"end":{"line":16,"column":66}},"16":{"start":{"line":17,"column":0},"end":{"line":17,"column":72}},"17":{"start":{"line":18,"column":0},"end":{"line":18,"column":67}},"19":{"start":{"line":20,"column":0},"end":{"line":20,"column":42}},"20":{"start":{"line":21,"column":0},"end":{"line":21,"column":12}},"21":{"start":{"line":22,"column":0},"end":{"line":22,"column":12}},"22":{"start":{"line":23,"column":0},"end":{"line":23,"column":11}},"23":{"start":{"line":24,"column":0},"end":{"line":24,"column":38}},"24":{"start":{"line":25,"column":0},"end":{"line":25,"column":44}},"25":{"start":{"line":26,"column":0},"end":{"line":26,"column":36}},"26":{"start":{"line":27,"column":0},"end":{"line":27,"column":34}},"27":{"start":{"line":28,"column":0},"end":{"line":28,"column":28}},"28":{"start":{"line":29,"column":0},"end":{"line":29,"column":26}},"29":{"start":{"line":30,"column":0},"end":{"line":30,"column":8}},"30":{"start":{"line":31,"column":0},"end":{"line":31,"column":27}},"31":{"start":{"line":32,"column":0},"end":{"line":32,"column":31}},"32":{"start":{"line":33,"column":0},"end":{"line":33,"column":23}},"33":{"start":{"line":34,"column":0},"end":{"line":34,"column":22}},"34":{"start":{"line":35,"column":0},"end":{"line":35,"column":8}},"35":{"start":{"line":36,"column":0},"end":{"line":36,"column":7}},"36":{"start":{"line":37,"column":0},"end":{"line":37,"column":18}},"37":{"start":{"line":38,"column":0},"end":{"line":38,"column":4}},"39":{"start":{"line":40,"column":0},"end":{"line":40,"column":79}},"40":{"start":{"line":41,"column":0},"end":{"line":41,"column":2}},"42":{"start":{"line":43,"column":0},"end":{"line":43,"column":30}},"43":{"start":{"line":44,"column":0},"end":{"line":44,"column":42}},"44":{"start":{"line":45,"column":0},"end":{"line":45,"column":17}},"45":{"start":{"line":46,"column":0},"end":{"line":46,"column":69}},"46":{"start":{"line":47,"column":0},"end":{"line":47,"column":3}},"48":{"start":{"line":49,"column":0},"end":{"line":49,"column":17}},"49":{"start":{"line":50,"column":0},"end":{"line":50,"column":2}}},"s":{"0":1,"2":1,"13":1,"15":1,"16":3,"17":3,"19":3,"20":3,"21":3,"22":3,"23":3,"24":3,"25":1,"26":1,"27":1,"28":1,"29":1,"30":3,"31":1,"32":1,"33":1,"34":1,"35":3,"36":3,"37":3,"39":3,"40":3,"42":1,"43":6,"44":6,"45":2,"46":2,"48":3,"49":3},"branchMap":{"0":{"type":"branch","line":16,"loc":{"start":{"line":16,"column":28},"end":{"line":41,"column":2}},"locations":[{"start":{"line":16,"column":28},"end":{"line":41,"column":2}}]},"1":{"type":"branch","line":21,"loc":{"start":{"line":21,"column":4},"end":{"line":36,"column":7}},"locations":[{"start":{"line":21,"column":4},"end":{"line":36,"column":7}}]},"2":{"type":"branch","line":25,"loc":{"start":{"line":25,"column":18},"end":{"line":30,"column":8}},"locations":[{"start":{"line":25,"column":18},"end":{"line":30,"column":8}}]},"3":{"type":"branch","line":31,"loc":{"start":{"line":31,"column":20},"end":{"line":35,"column":8}},"locations":[{"start":{"line":31,"column":20},"end":{"line":35,"column":8}}]},"4":{"type":"branch","line":43,"loc":{"start":{"line":43,"column":23},"end":{"line":50,"column":2}},"locations":[{"start":{"line":43,"column":23},"end":{"line":50,"column":2}}]},"5":{"type":"branch","line":45,"loc":{"start":{"line":45,"column":16},"end":{"line":47,"column":3}},"locations":[{"start":{"line":45,"column":16},"end":{"line":47,"column":3}}]},"6":{"type":"branch","line":47,"loc":{"start":{"line":47,"column":2},"end":{"line":50,"column":2}},"locations":[{"start":{"line":47,"column":2},"end":{"line":50,"column":2}}]}},"b":{"0":[3],"1":[3],"2":[1],"3":[1],"4":[6],"5":[2],"6":[3]},"fnMap":{"0":{"name":"AuthProvider","decl":{"start":{"line":16,"column":28},"end":{"line":41,"column":2}},"loc":{"start":{"line":16,"column":28},"end":{"line":41,"column":2}},"line":16},"1":{"name":"setSession","decl":{"start":{"line":25,"column":18},"end":{"line":30,"column":8}},"loc":{"start":{"line":25,"column":18},"end":{"line":30,"column":8}},"line":25},"2":{"name":"clearSession","decl":{"start":{"line":31,"column":20},"end":{"line":35,"column":8}},"loc":{"start":{"line":31,"column":20},"end":{"line":35,"column":8}},"line":31},"3":{"name":"useAuth","decl":{"start":{"line":43,"column":23},"end":{"line":50,"column":2}},"loc":{"start":{"line":43,"column":23},"end":{"line":50,"column":2}},"line":43}},"f":{"0":3,"1":1,"2":1,"3":6}}
,"/home/joao-vitor-bs/teste_dev/teste-dev-frontend/mini-twitter-frontend-main/src/context/ThemeContext.tsx": {"path":"/home/joao-vitor-bs/teste_dev/teste-dev-frontend/mini-twitter-frontend-main/src/context/ThemeContext.tsx","all":false,"statementMap":{"0":{"start":{"line":1,"column":0},"end":{"line":1,"column":71}},"10":{"start":{"line":11,"column":0},"end":{"line":11,"column":67}},"12":{"start":{"line":13,"column":0},"end":{"line":13,"column":67}},"13":{"start":{"line":14,"column":0},"end":{"line":14,"column":51}},"14":{"start":{"line":15,"column":0},"end":{"line":15,"column":48}},"16":{"start":{"line":17,"column":0},"end":{"line":17,"column":48}},"17":{"start":{"line":18,"column":0},"end":{"line":18,"column":19}},"18":{"start":{"line":19,"column":0},"end":{"line":19,"column":5}},"20":{"start":{"line":21,"column":0},"end":{"line":21,"column":68}},"21":{"start":{"line":22,"column":0},"end":{"line":22,"column":20}},"22":{"start":{"line":23,"column":0},"end":{"line":23,"column":5}},"24":{"start":{"line":25,"column":0},"end":{"line":25,"column":19}},"25":{"start":{"line":26,"column":0},"end":{"line":26,"column":5}},"27":{"start":{"line":28,"column":0},"end":{"line":28,"column":19}},"28":{"start":{"line":29,"column":0},"end":{"line":29,"column":41}},"29":{"start":{"line":30,"column":0},"end":{"line":30,"column":72}},"30":{"start":{"line":31,"column":0},"end":{"line":31,"column":51}},"31":{"start":{"line":32,"column":0},"end":{"line":32,"column":14}},"33":{"start":{"line":34,"column":0},"end":{"line":34,"column":29}},"34":{"start":{"line":35,"column":0},"end":{"line":35,"column":62}},"35":{"start":{"line":36,"column":0},"end":{"line":36,"column":29}},"36":{"start":{"line":37,"column":0},"end":{"line":37,"column":67}},"37":{"start":{"line":38,"column":0},"end":{"line":38,"column":12}},"39":{"start":{"line":40,"column":0},"end":{"line":40,"column":62}},"40":{"start":{"line":41,"column":0},"end":{"line":41,"column":4}},"42":{"start":{"line":43,"column":0},"end":{"line":43,"column":17}},"43":{"start":{"line":44,"column":0},"end":{"line":44,"column":10}},"44":{"start":{"line":45,"column":0},"end":{"line":45,"column":16}},"45":{"start":{"line":46,"column":0},"end":{"line":46,"column":4}},"47":{"start":{"line":48,"column":0},"end":{"line":48,"column":81}},"48":{"start":{"line":49,"column":0},"end":{"line":49,"column":2}},"50":{"start":{"line":51,"column":0},"end":{"line":51,"column":31}},"51":{"start":{"line":52,"column":0},"end":{"line":52,"column":43}},"52":{"start":{"line":53,"column":0},"end":{"line":53,"column":17}},"53":{"start":{"line":54,"column":0},"end":{"line":54,"column":71}},"54":{"start":{"line":55,"column":0},"end":{"line":55,"column":3}},"55":{"start":{"line":56,"column":0},"end":{"line":56,"column":17}},"56":{"start":{"line":57,"column":0},"end":{"line":57,"column":2}}},"s":{"0":1,"10":1,"12":1,"13":3,"14":2,"16":2,"17":1,"18":1,"20":2,"21":0,"22":0,"24":1,"25":3,"27":3,"28":3,"29":3,"30":3,"31":3,"33":3,"34":1,"35":1,"36":1,"37":1,"39":1,"40":1,"42":3,"43":3,"44":3,"45":3,"47":3,"48":3,"50":1,"51":3,"52":3,"53":0,"54":0,"55":3,"56":3},"branchMap":{"0":{"type":"branch","line":13,"loc":{"start":{"line":13,"column":29},"end":{"line":49,"column":2}},"locations":[{"start":{"line":13,"column":29},"end":{"line":49,"column":2}}]},"1":{"type":"branch","line":14,"loc":{"start":{"line":14,"column":44},"end":{"line":26,"column":3}},"locations":[{"start":{"line":14,"column":44},"end":{"line":26,"column":3}}]},"2":{"type":"branch","line":17,"loc":{"start":{"line":17,"column":47},"end":{"line":21,"column":67}},"locations":[{"start":{"line":17,"column":47},"end":{"line":21,"column":67}}]},"3":{"type":"branch","line":21,"loc":{"start":{"line":21,"column":67},"end":{"line":23,"column":5}},"locations":[{"start":{"line":21,"column":67},"end":{"line":23,"column":5}}]},"4":{"type":"branch","line":23,"loc":{"start":{"line":23,"column":4},"end":{"line":25,"column":19}},"locations":[{"start":{"line":23,"column":4},"end":{"line":25,"column":19}}]},"5":{"type":"branch","line":28,"loc":{"start":{"line":28,"column":12},"end":{"line":32,"column":5}},"locations":[{"start":{"line":28,"column":12},"end":{"line":32,"column":5}}]},"6":{"type":"branch","line":34,"loc":{"start":{"line":34,"column":22},"end":{"line":41,"column":4}},"locations":[{"start":{"line":34,"column":22},"end":{"line":41,"column":4}}]},"7":{"type":"branch","line":36,"loc":{"start":{"line":36,"column":22},"end":{"line":38,"column":7}},"locations":[{"start":{"line":36,"column":22},"end":{"line":38,"column":7}}]},"8":{"type":"branch","line":40,"loc":{"start":{"line":40,"column":13},"end":{"line":40,"column":60}},"locations":[{"start":{"line":40,"column":13},"end":{"line":40,"column":60}}]},"9":{"type":"branch","line":40,"loc":{"start":{"line":40,"column":43},"end":{"line":40,"column":60}},"locations":[{"start":{"line":40,"column":43},"end":{"line":40,"column":60}}]},"10":{"type":"branch","line":51,"loc":{"start":{"line":51,"column":24},"end":{"line":57,"column":2}},"locations":[{"start":{"line":51,"column":24},"end":{"line":57,"column":2}}]},"11":{"type":"branch","line":53,"loc":{"start":{"line":53,"column":16},"end":{"line":55,"column":3}},"locations":[{"start":{"line":53,"column":16},"end":{"line":55,"column":3}}]}},"b":{"0":[3],"1":[2],"2":[1],"3":[0],"4":[1],"5":[3],"6":[1],"7":[1],"8":[1],"9":[0],"10":[3],"11":[0]},"fnMap":{"0":{"name":"ThemeProvider","decl":{"start":{"line":13,"column":29},"end":{"line":49,"column":2}},"loc":{"start":{"line":13,"column":29},"end":{"line":49,"column":2}},"line":13},"1":{"name":"toggleTheme","decl":{"start":{"line":34,"column":22},"end":{"line":41,"column":4}},"loc":{"start":{"line":34,"column":22},"end":{"line":41,"column":4}},"line":34},"2":{"name":"useTheme","decl":{"start":{"line":51,"column":24},"end":{"line":57,"column":2}},"loc":{"start":{"line":51,"column":24},"end":{"line":57,"column":2}},"line":51}},"f":{"0":3,"1":1,"2":3}}
,"/home/joao-vitor-bs/teste_dev/teste-dev-frontend/mini-twitter-frontend-main/src/lib/api.ts": {"path":"/home/joao-vitor-bs/teste_dev/teste-dev-frontend/mini-twitter-frontend-main/src/lib/api.ts","all":false,"statementMap":{"0":{"start":{"line":1,"column":0},"end":{"line":1,"column":26}},"1":{"start":{"line":2,"column":0},"end":{"line":2,"column":36}},"3":{"start":{"line":4,"column":0},"end":{"line":4,"column":72}},"5":{"start":{"line":6,"column":0},"end":{"line":6,"column":33}},"6":{"start":{"line":7,"column":0},"end":{"line":7,"column":10}},"7":{"start":{"line":8,"column":0},"end":{"line":8,"column":3}},"9":{"start":{"line":10,"column":0},"end":{"line":10,"column":42}},"10":{"start":{"line":11,"column":0},"end":{"line":11,"column":35}},"11":{"start":{"line":12,"column":0},"end":{"line":12,"column":14}},"12":{"start":{"line":13,"column":0},"end":{"line":13,"column":53}},"13":{"start":{"line":14,"column":0},"end":{"line":14,"column":3}},"15":{"start":{"line":16,"column":0},"end":{"line":16,"column":16}},"16":{"start":{"line":17,"column":0},"end":{"line":17,"column":3}}},"s":{"0":1,"1":1,"3":1,"5":1,"6":1,"7":1,"9":1,"10":1,"11":1,"12":1,"13":1,"15":1,"16":1},"branchMap":{"0":{"type":"branch","line":10,"loc":{"start":{"line":10,"column":29},"end":{"line":17,"column":3}},"locations":[{"start":{"line":10,"column":29},"end":{"line":17,"column":3}}]}},"b":{"0":[1]},"fnMap":{},"f":{}}
,"/home/joao-vitor-bs/teste_dev/teste-dev-frontend/mini-twitter-frontend-main/src/lib/error.ts": {"path":"/home/joao-vitor-bs/teste_dev/teste-dev-frontend/mini-twitter-frontend-main/src/lib/error.ts","all":false,"statementMap":{"0":{"start":{"line":1,"column":0},"end":{"line":1,"column":26}},"2":{"start":{"line":3,"column":0},"end":{"line":3,"column":78}},"3":{"start":{"line":4,"column":0},"end":{"line":4,"column":54}},"4":{"start":{"line":5,"column":0},"end":{"line":5,"column":51}},"5":{"start":{"line":6,"column":0},"end":{"line":6,"column":3}},"7":{"start":{"line":8,"column":0},"end":{"line":8,"column":18}},"8":{"start":{"line":9,"column":0},"end":{"line":9,"column":2}}},"s":{"0":1,"2":1,"3":2,"4":1,"5":1,"7":1,"8":1},"branchMap":{"0":{"type":"branch","line":3,"loc":{"start":{"line":3,"column":27},"end":{"line":9,"column":2}},"locations":[{"start":{"line":3,"column":27},"end":{"line":9,"column":2}}]},"1":{"type":"branch","line":4,"loc":{"start":{"line":4,"column":53},"end":{"line":9,"column":2}},"locations":[{"start":{"line":4,"column":53},"end":{"line":9,"column":2}}]},"2":{"type":"branch","line":5,"loc":{"start":{"line":5,"column":33},"end":{"line":5,"column":51}},"locations":[{"start":{"line":5,"column":33},"end":{"line":5,"column":51}}]}},"b":{"0":[2],"1":[1],"2":[0]},"fnMap":{"0":{"name":"getApiError","decl":{"start":{"line":3,"column":27},"end":{"line":9,"column":2}},"loc":{"start":{"line":3,"column":27},"end":{"line":9,"column":2}},"line":3}},"f":{"0":2}}
,"/home/joao-vitor-bs/teste_dev/teste-dev-frontend/mini-twitter-frontend-main/src/lib/storage.ts": {"path":"/home/joao-vitor-bs/teste_dev/teste-dev-frontend/mini-twitter-frontend-main/src/lib/storage.ts","all":false,"statementMap":{"2":{"start":{"line":3,"column":0},"end":{"line":3,"column":39}},"3":{"start":{"line":4,"column":0},"end":{"line":4,"column":37}},"5":{"start":{"line":6,"column":0},"end":{"line":6,"column":24}},"6":{"start":{"line":7,"column":0},"end":{"line":7,"column":50}},"7":{"start":{"line":8,"column":0},"end":{"line":8,"column":70}},"8":{"start":{"line":9,"column":0},"end":{"line":9,"column":55}},"10":{"start":{"line":11,"column":0},"end":{"line":11,"column":31}},"11":{"start":{"line":12,"column":0},"end":{"line":12,"column":47}},"12":{"start":{"line":13,"column":0},"end":{"line":13,"column":26}},"14":{"start":{"line":15,"column":0},"end":{"line":15,"column":9}},"15":{"start":{"line":16,"column":0},"end":{"line":16,"column":37}},"16":{"start":{"line":17,"column":0},"end":{"line":17,"column":13}},"17":{"start":{"line":18,"column":0},"end":{"line":18,"column":40}},"18":{"start":{"line":19,"column":0},"end":{"line":19,"column":18}},"19":{"start":{"line":20,"column":0},"end":{"line":20,"column":5}},"20":{"start":{"line":21,"column":0},"end":{"line":21,"column":4}},"22":{"start":{"line":23,"column":0},"end":{"line":23,"column":80}},"23":{"start":{"line":24,"column":0},"end":{"line":24,"column":53}},"25":{"start":{"line":26,"column":0},"end":{"line":26,"column":23}},"26":{"start":{"line":27,"column":0},"end":{"line":27,"column":39}},"27":{"start":{"line":28,"column":0},"end":{"line":28,"column":38}},"28":{"start":{"line":29,"column":0},"end":{"line":29,"column":4}},"29":{"start":{"line":30,"column":0},"end":{"line":30,"column":2}}},"s":{"2":1,"3":1,"5":1,"6":1,"7":1,"8":1,"10":1,"11":3,"12":3,"14":2,"15":2,"16":3,"17":1,"18":1,"19":1,"20":3,"22":1,"23":1,"25":1,"26":1,"27":1,"28":1,"29":1},"branchMap":{"0":{"type":"branch","line":7,"loc":{"start":{"line":7,"column":12},"end":{"line":7,"column":50}},"locations":[{"start":{"line":7,"column":12},"end":{"line":7,"column":50}}]},"1":{"type":"branch","line":8,"loc":{"start":{"line":8,"column":12},"end":{"line":8,"column":70}},"locations":[{"start":{"line":8,"column":12},"end":{"line":8,"column":70}}]},"2":{"type":"branch","line":11,"loc":{"start":{"line":11,"column":11},"end":{"line":21,"column":4}},"locations":[{"start":{"line":11,"column":11},"end":{"line":21,"column":4}}]},"3":{"type":"branch","line":13,"loc":{"start":{"line":13,"column":14},"end":{"line":13,"column":26}},"locations":[{"start":{"line":13,"column":14},"end":{"line":13,"column":26}}]},"4":{"type":"branch","line":13,"loc":{"start":{"line":13,"column":21},"end":{"line":17,"column":12}},"locations":[{"start":{"line":13,"column":21},"end":{"line":17,"column":12}}]},"5":{"type":"branch","line":17,"loc":{"start":{"line":17,"column":4},"end":{"line":20,"column":5}},"locations":[{"start":{"line":17,"column":4},"end":{"line":20,"column":5}}]},"6":{"type":"branch","line":23,"loc":{"start":{"line":23,"column":11},"end":{"line":23,"column":80}},"locations":[{"start":{"line":23,"column":11},"end":{"line":23,"column":80}}]},"7":{"type":"branch","line":26,"loc":{"start":{"line":26,"column":16},"end":{"line":29,"column":4}},"locations":[{"start":{"line":26,"column":16},"end":{"line":29,"column":4}}]}},"b":{"0":[2],"1":[2],"2":[3],"3":[1],"4":[2],"5":[1],"6":[2],"7":[1]},"fnMap":{"0":{"name":"getToken","decl":{"start":{"line":7,"column":12},"end":{"line":7,"column":50}},"loc":{"start":{"line":7,"column":12},"end":{"line":7,"column":50}},"line":7},"1":{"name":"setToken","decl":{"start":{"line":8,"column":12},"end":{"line":8,"column":70}},"loc":{"start":{"line":8,"column":12},"end":{"line":8,"column":70}},"line":8},"2":{"name":"clearToken","decl":{"start":{"line":9,"column":14},"end":{"line":9,"column":55}},"loc":{"start":{"line":9,"column":14},"end":{"line":9,"column":55}},"line":9},"3":{"name":"getUser","decl":{"start":{"line":11,"column":11},"end":{"line":21,"column":4}},"loc":{"start":{"line":11,"column":11},"end":{"line":21,"column":4}},"line":11},"4":{"name":"setUser","decl":{"start":{"line":23,"column":11},"end":{"line":23,"column":80}},"loc":{"start":{"line":23,"column":11},"end":{"line":23,"column":80}},"line":23},"5":{"name":"clearUser","decl":{"start":{"line":24,"column":13},"end":{"line":24,"column":53}},"loc":{"start":{"line":24,"column":13},"end":{"line":24,"column":53}},"line":24},"6":{"name":"clearSession","decl":{"start":{"line":26,"column":16},"end":{"line":29,"column":4}},"loc":{"start":{"line":26,"column":16},"end":{"line":29,"column":4}},"line":26}},"f":{"0":2,"1":2,"2":0,"3":3,"4":2,"5":0,"6":1}}
,"/home/joao-vitor-bs/teste_dev/teste-dev-frontend/mini-twitter-frontend-main/src/lib/utils.ts": {"path":"/home/joao-vitor-bs/teste_dev/teste-dev-frontend/mini-twitter-frontend-main/src/lib/utils.ts","all":false,"statementMap":{"0":{"start":{"line":1,"column":0},"end":{"line":1,"column":45}},"1":{"start":{"line":2,"column":0},"end":{"line":2,"column":41}},"3":{"start":{"line":4,"column":0},"end":{"line":4,"column":45}},"4":{"start":{"line":5,"column":0},"end":{"line":5,"column":31}},"5":{"start":{"line":6,"column":0},"end":{"line":6,"column":1}}},"s":{"0":1,"1":1,"3":1,"4":129,"5":129},"branchMap":{"0":{"type":"branch","line":4,"loc":{"start":{"line":4,"column":7},"end":{"line":6,"column":1}},"locations":[{"start":{"line":4,"column":7},"end":{"line":6,"column":1}}]}},"b":{"0":[129]},"fnMap":{"0":{"name":"cn","decl":{"start":{"line":4,"column":7},"end":{"line":6,"column":1}},"loc":{"start":{"line":4,"column":7},"end":{"line":6,"column":1}},"line":4}},"f":{"0":129}}
,"/home/joao-vitor-bs/teste_dev/teste-dev-frontend/mini-twitter-frontend-main/src/pages/AuthPage.tsx": {"path":"/home/joao-vitor-bs/teste_dev/teste-dev-frontend/mini-twitter-frontend-main/src/pages/AuthPage.tsx","all":false,"statementMap":{"0":{"start":{"line":1,"column":0},"end":{"line":1,"column":33}},"1":{"start":{"line":2,"column":0},"end":{"line":2,"column":54}},"2":{"start":{"line":3,"column":0},"end":{"line":3,"column":42}},"3":{"start":{"line":4,"column":0},"end":{"line":4,"column":52}},"4":{"start":{"line":5,"column":0},"end":{"line":5,"column":26}},"5":{"start":{"line":6,"column":0},"end":{"line":6,"column":47}},"6":{"start":{"line":7,"column":0},"end":{"line":7,"column":55}},"7":{"start":{"line":8,"column":0},"end":{"line":8,"column":43}},"8":{"start":{"line":9,"column":0},"end":{"line":9,"column":101}},"9":{"start":{"line":10,"column":0},"end":{"line":10,"column":49}},"10":{"start":{"line":11,"column":0},"end":{"line":11,"column":68}},"11":{"start":{"line":12,"column":0},"end":{"line":12,"column":48}},"12":{"start":{"line":13,"column":0},"end":{"line":13,"column":44}},"13":{"start":{"line":14,"column":0},"end":{"line":14,"column":46}},"14":{"start":{"line":15,"column":0},"end":{"line":15,"column":80}},"15":{"start":{"line":16,"column":0},"end":{"line":16,"column":46}},"17":{"start":{"line":18,"column":0},"end":{"line":18,"column":31}},"18":{"start":{"line":19,"column":0},"end":{"line":19,"column":66}},"19":{"start":{"line":20,"column":0},"end":{"line":20,"column":59}},"20":{"start":{"line":21,"column":0},"end":{"line":21,"column":33}},"21":{"start":{"line":22,"column":0},"end":{"line":22,"column":35}},"23":{"start":{"line":24,"column":0},"end":{"line":24,"column":48}},"24":{"start":{"line":25,"column":0},"end":{"line":25,"column":42}},"25":{"start":{"line":26,"column":0},"end":{"line":26,"column":5}},"27":{"start":{"line":28,"column":0},"end":{"line":28,"column":42}},"28":{"start":{"line":29,"column":0},"end":{"line":29,"column":39}},"29":{"start":{"line":30,"column":0},"end":{"line":30,"column":5}},"31":{"start":{"line":32,"column":0},"end":{"line":32,"column":40}},"32":{"start":{"line":33,"column":0},"end":{"line":33,"column":37}},"33":{"start":{"line":34,"column":0},"end":{"line":34,"column":22}},"34":{"start":{"line":35,"column":0},"end":{"line":35,"column":67}},"35":{"start":{"line":36,"column":0},"end":{"line":36,"column":23}},"36":{"start":{"line":37,"column":0},"end":{"line":37,"column":27}},"37":{"start":{"line":38,"column":0},"end":{"line":38,"column":6}},"38":{"start":{"line":39,"column":0},"end":{"line":39,"column":25}},"39":{"start":{"line":40,"column":0},"end":{"line":40,"column":72}},"40":{"start":{"line":41,"column":0},"end":{"line":41,"column":73}},"41":{"start":{"line":42,"column":0},"end":{"line":42,"column":15}},"42":{"start":{"line":43,"column":0},"end":{"line":43,"column":7}},"44":{"start":{"line":45,"column":0},"end":{"line":45,"column":71}},"45":{"start":{"line":46,"column":0},"end":{"line":46,"column":6}},"46":{"start":{"line":47,"column":0},"end":{"line":47,"column":5}},"48":{"start":{"line":49,"column":0},"end":{"line":49,"column":37}},"49":{"start":{"line":50,"column":0},"end":{"line":50,"column":34}},"50":{"start":{"line":51,"column":0},"end":{"line":51,"column":26}},"51":{"start":{"line":52,"column":0},"end":{"line":52,"column":40}},"52":{"start":{"line":53,"column":0},"end":{"line":53,"column":47}},"53":{"start":{"line":54,"column":0},"end":{"line":54,"column":6}},"54":{"start":{"line":55,"column":0},"end":{"line":55,"column":25}},"55":{"start":{"line":56,"column":0},"end":{"line":56,"column":66}},"56":{"start":{"line":57,"column":0},"end":{"line":57,"column":6}},"57":{"start":{"line":58,"column":0},"end":{"line":58,"column":5}},"59":{"start":{"line":60,"column":0},"end":{"line":60,"column":10}},"60":{"start":{"line":61,"column":0},"end":{"line":61,"column":151}},"61":{"start":{"line":62,"column":0},"end":{"line":62,"column":77}},"62":{"start":{"line":63,"column":0},"end":{"line":63,"column":137}},"63":{"start":{"line":64,"column":0},"end":{"line":64,"column":141}},"65":{"start":{"line":66,"column":0},"end":{"line":66,"column":34}},"66":{"start":{"line":67,"column":0},"end":{"line":67,"column":105}},"68":{"start":{"line":69,"column":0},"end":{"line":69,"column":18}},"69":{"start":{"line":70,"column":0},"end":{"line":70,"column":130}},"70":{"start":{"line":71,"column":0},"end":{"line":71,"column":93}},"72":{"start":{"line":73,"column":0},"end":{"line":73,"column":14}},"73":{"start":{"line":74,"column":0},"end":{"line":74,"column":14}},"74":{"start":{"line":75,"column":0},"end":{"line":75,"column":13}},"76":{"start":{"line":77,"column":0},"end":{"line":77,"column":51}},"77":{"start":{"line":78,"column":0},"end":{"line":78,"column":64}},"78":{"start":{"line":79,"column":0},"end":{"line":79,"column":100}},"79":{"start":{"line":80,"column":0},"end":{"line":80,"column":31}},"80":{"start":{"line":81,"column":0},"end":{"line":81,"column":14}},"82":{"start":{"line":83,"column":0},"end":{"line":83,"column":110}},"83":{"start":{"line":84,"column":0},"end":{"line":84,"column":20}},"84":{"start":{"line":85,"column":0},"end":{"line":85,"column":58}},"85":{"start":{"line":86,"column":0},"end":{"line":86,"column":65}},"86":{"start":{"line":87,"column":0},"end":{"line":87,"column":21}},"88":{"start":{"line":89,"column":0},"end":{"line":89,"column":26}},"89":{"start":{"line":90
[...]
,"322":0,"323":0,"324":0,"325":0,"326":0,"327":0,"328":0,"330":0,"331":0,"332":0,"333":0,"334":0,"335":0,"337":0,"338":0,"340":0,"341":0,"342":0,"343":0,"344":0,"345":1,"346":1,"348":1},"branchMap":{"0":{"type":"branch","line":16,"loc":{"start":{"line":16,"column":17},"end":{"line":16,"column":64}},"locations":[{"start":{"line":16,"column":17},"end":{"line":16,"column":64}}]},"1":{"type":"branch","line":18,"loc":{"start":{"line":18,"column":28},"end":{"line":349,"column":2}},"locations":[{"start":{"line":18,"column":28},"end":{"line":349,"column":2}}]},"2":{"type":"branch","line":156,"loc":{"start":{"line":156,"column":62},"end":{"line":156,"column":121}},"locations":[{"start":{"line":156,"column":62},"end":{"line":156,"column":121}}]},"3":{"type":"branch","line":174,"loc":{"start":{"line":174,"column":13},"end":{"line":180,"column":23}},"locations":[{"start":{"line":174,"column":13},"end":{"line":180,"column":23}}]},"4":{"type":"branch","line":204,"loc":{"start":{"line":204,"column":18},"end":{"line":205,"column":25}},"locations":[{"start":{"line":204,"column":18},"end":{"line":205,"column":25}}]},"5":{"type":"branch","line":219,"loc":{"start":{"line":219,"column":11},"end":{"line":227,"column":18}},"locations":[{"start":{"line":219,"column":11},"end":{"line":227,"column":18}}]},"6":{"type":"branch","line":234,"loc":{"start":{"line":234,"column":11},"end":{"line":237,"column":16}},"locations":[{"start":{"line":234,"column":11},"end":{"line":237,"column":16}}]},"7":{"type":"branch","line":241,"loc":{"start":{"line":241,"column":24},"end":{"line":241,"column":112}},"locations":[{"start":{"line":241,"column":24},"end":{"line":241,"column":112}}]},"8":{"type":"branch","line":242,"loc":{"start":{"line":242,"column":24},"end":{"line":242,"column":153}},"locations":[{"start":{"line":242,"column":24},"end":{"line":242,"column":153}}]},"9":{"type":"branch","line":263,"loc":{"start":{"line":263,"column":24},"end":{"line":264,"column":104}},"locations":[{"start":{"line":263,"column":24},"end":{"line":264,"column":104}}]},"10":{"type":"branch","line":288,"loc":{"start":{"line":288,"column":7},"end":{"line":345,"column":14}},"locations":[{"start":{"line":288,"column":7},"end":{"line":345,"column":14}}]},"11":{"type":"branch","line":127,"loc":{"start":{"line":127,"column":27},"end":{"line":127,"column":93}},"locations":[{"start":{"line":127,"column":27},"end":{"line":127,"column":93}}]},"12":{"type":"branch","line":127,"loc":{"start":{"line":127,"column":84},"end":{"line":127,"column":93}},"locations":[{"start":{"line":127,"column":84},"end":{"line":127,"column":93}}]},"13":{"type":"branch","line":127,"loc":{"start":{"line":127,"column":64},"end":{"line":127,"column":84}},"locations":[{"start":{"line":127,"column":64},"end":{"line":127,"column":84}}]},"14":{"type":"branch","line":129,"loc":{"start":{"line":129,"column":4},"end":{"line":129,"column":70}},"locations":[{"start":{"line":129,"column":4},"end":{"line":129,"column":70}}]},"15":{"type":"branch","line":133,"loc":{"start":{"line":133,"column":12},"end":{"line":149,"column":5}},"locations":[{"start":{"line":133,"column":12},"end":{"line":149,"column":5}}]},"16":{"type":"branch","line":135,"loc":{"start":{"line":135,"column":42},"end":{"line":148,"column":39}},"locations":[{"start":{"line":135,"column":42},"end":{"line":148,"column":39}}]}},"b":{"0":[1],"1":[1],"2":[0],"3":[0],"4":[0],"5":[0],"6":[0],"7":[0],"8":[0],"9":[0],"10":[0],"11":[1],"12":[0],"13":[1],"14":[1],"15":[1],"16":[0]},"fnMap":{"0":{"name":"queryKey","decl":{"start":{"line":16,"column":17},"end":{"line":16,"column":64}},"loc":{"start":{"line":16,"column":17},"end":{"line":16,"column":64}},"line":16},"1":{"name":"TimelinePage","decl":{"start":{"line":18,"column":28},"end":{"line":349,"column":2}},"loc":{"start":{"line":18,"column":28},"end":{"line":349,"column":2}},"line":18},"2":{"name":"queryFn","decl":{"start":{"line":30,"column":13},"end":{"line":30,"column":72}},"loc":{"start":{"line":30,"column":13},"end":{"line":30,"column":72}},"line":30},"3":{"name":"getNextPageParam","decl":{"start":{"line":31,"column":22},"end":{"line":35,"column":6}},"loc":{"start":{"line":31,"column":22},"end":{"line":35,"column":6}},"line":31},"4":{"name":"onSuccess","decl":{"start":{"line":41,"column":15},"end":{"line":44,"column":6}},"loc":{"start":{"line":41,"column":15},"end":{"line":44,"column":6}},"line":41},"5":{"name":"onError","decl":{"start":{"line":45,"column":13},"end":{"line":45,"column":78}},"loc":{"start":{"line":45,"column":13},"end":{"line":45,"column":78}},"line":45},"6":{"name":"mutationFn","decl":{"start":{"line":49,"column":16},"end":{"line":49,"column":118}},"loc":{"start":{"line":49,"column":16},"end":{"line":49,"column":118}},"line":49},"7":{"name":"onSuccess","decl":{"start":{"line":50,"column":15},"end":{"line":53,"column":6}},"loc":{"start":{"line":50,"column":15},"end":{"line":53,"column":6}},"line":50},"8":{"name":"onError","decl":{"start":{"line":54,"column":13},"end":{"line":61,"column":6}},"loc":{"start":{"line":54,"column":13},"end":{"line":61,"column":6}},"line":54},"9":{"name":"onSuccess","decl":{"start":{"line":66,"column":15},"end":{"line":69,"column":6}},"loc":{"start":{"line":66,"column":15},"end":{"line":69,"column":6}},"line":66},"10":{"name":"onError","decl":{"start":{"line":70,"column":13},"end":{"line":77,"column":6}},"loc":{"start":{"line":70,"column":13},"end":{"line":77,"column":6}},"line":70},"11":{"name":"mutationFn","decl":{"start":{"line":81,"column":16},"end":{"line":81,"column":100}},"loc":{"start":{"line":81,"column":16},"end":{"line":81,"column":100}},"line":81},"12":{"name":"onMutate","decl":{"start":{"line":82,"column":14},"end":{"line":104,"column":6}},"loc":{"start":{"line":82,"column":14},"end":{"line":104,"column":6}},"line":82},"13":{"name":"onSuccess","decl":{"start":{"line":105,"column":15},"end":{"line":107,"column":6}},"loc":{"start":{"line":105,"column":15},"end":{"line":107,"column":6}},"line":105},"14":{"name":"onError","decl":{"start":{"line":108,"column":13},"end":{"line":113,"column":6}},"loc":{"start":{"line":108,"column":13},"end":{"line":113,"column":6}},"line":108},"15":{"name":"onSuccess","decl":{"start":{"line":118,"column":15},"end":{"line":121,"column":6}},"loc":{"start":{"line":118,"column":15},"end":{"line":121,"column":6}},"line":118},"16":{"name":"onError","decl":{"start":{"line":122,"column":13},"end":{"line":124,"column":6}},"loc":{"start":{"line":122,"column":13},"end":{"line":124,"column":6}},"line":122},"17":{"name":"IntersectionObserver.rootMargin","decl":{"start":{"line":138,"column":6},"end":{"line":143,"column":8}},"loc":{"start":{"line":138,"column":6},"end":{"line":143,"column":8}},"line":138},"18":{"name":"onClick","decl":{"start":{"line":160,"column":23},"end":{"line":160,"column":43}},"loc":{"start":{"line":160,"column":23},"end":{"line":160,"column":43}},"line":160},"19":{"name":"onClick","decl":{"start":{"line":166,"column":23},"end":{"line":166,"column":43}},"loc":{"start":{"line":166,"column":23},"end":{"line":166,"column":43}},"line":166},"20":{"name":"onClick","decl":{"start":{"line":176,"column":25},"end":{"line":176,"column":55}},"loc":{"start":{"line":176,"column":25},"end":{"line":176,"column":55}},"line":176},"21":{"name":"onClick","decl":{"start":{"line":183,"column":25},"end":{"line":183,"column":49}},"loc":{"start":{"line":183,"column":25},"end":{"line":183,"column":49}},"line":183},"22":{"name":"onClick","decl":{"start":{"line":200,"column":29},"end":{"line":200,"column":53}},"loc":{"start":{"line":200,"column":29},"end":{"line":200,"column":53}},"line":200},"23":{"name":"onChange","decl":{"start":{"line":212,"column":26},"end":{"line":212,"column":67}},"loc":{"start":{"line":212,"column":26},"end":{"line":212,"column":67}},"line":212},"24":{"name":"onSubmitPost","decl":{"start":{"line":223,"column":30},"end":{"line":225,"column":18}},"loc":{"start":{"line":223,"column":30},"end":{"line":225,"column":18}},"line":223},"25":{"name":"onClick","decl":{"start":{"line":291,"column":19},"end":{"line":291,"column":49}},"loc":{"start":{"line":291,"column":19},"end":{"line":291,"column":49}},"line":291},"26":{"name":"onClick","decl":{"start":{"line":295,"column":21},"end":{"line":295,"column":56}},"loc":{"start":{"line":295,"column":21},"end":{"line":295,"column":56}},"line":295},"27":{"name":"onClick","decl":{"start":{"line":306,"column":25},"end":{"line":306,"column":55}},"loc":{"start":{"line":306,"column":25},"end":{"line":306,"column":55}},"line":306},"28":{"name":"onClick","decl":{"start":{"line":332,"column":23},"end":{"line":339,"column":16}},"loc":{"start":{"line":332,"column":23},"end":{"line":339,"column":16}},"line":332}},"f":{"0":1,"1":1,"2":0,"3":0,"4":0,"5":0,"6":0,"7":0,"8":0,"9":0,"10":0,"11":0,"12":0,"13":0,"14":0,"15":0,"16":0,"17":0,"18":0,"19":0,"20":0,"21":0,"22":0,"23":0,"24":0,"25":0,"26":0,"27":0,"28":0}}
,"/home/joao-vitor-bs/teste_dev/teste-dev-frontend/mini-twitter-frontend-main/src/schemas/auth.ts": {"path":"/home/joao-vitor-bs/teste_dev/teste-dev-frontend/mini-twitter-frontend-main/src/schemas/auth.ts","all":false,"statementMap":{"0":{"start":{"line":1,"column":0},"end":{"line":1,"column":24}},"2":{"start":{"line":3,"column":0},"end":{"line":3,"column":40}},"3":{"start":{"line":4,"column":0},"end":{"line":4,"column":67}},"4":{"start":{"line":5,"column":0},"end":{"line":5,"column":45}},"5":{"start":{"line":6,"column":0},"end":{"line":6,"column":72}},"6":{"start":{"line":7,"column":0},"end":{"line":7,"column":3}},"8":{"start":{"line":9,"column":0},"end":{"line":9,"column":37}},"9":{"start":{"line":10,"column":0},"end":{"line":10,"column":45}},"10":{"start":{"line":11,"column":0},"end":{"line":11,"column":51}},"11":{"start":{"line":12,"column":0},"end":{"line":12,"column":3}}},"s":{"0":1,"2":1,"3":1,"4":1,"5":1,"6":1,"8":1,"9":1,"10":1,"11":1},"branchMap":{},"b":{},"fnMap":{},"f":{}}
,"/home/joao-vitor-bs/teste_dev/teste-dev-frontend/mini-twitter-frontend-main/src/schemas/post.ts": {"path":"/home/joao-vitor-bs/teste_dev/teste-dev-frontend/mini-twitter-frontend-main/src/schemas/post.ts","all":false,"statementMap":{"0":{"start":{"line":1,"column":0},"end":{"line":1,"column":24}},"2":{"start":{"line":3,"column":0},"end":{"line":3,"column":48}},"3":{"start":{"line":4,"column":0},"end":{"line":4,"column":26}},"5":{"start":{"line":6,"column":0},"end":{"line":6,"column":69}},"6":{"start":{"line":7,"column":0},"end":{"line":7,"column":2}},"8":{"start":{"line":9,"column":0},"end":{"line":9,"column":36}},"9":{"start":{"line":10,"column":0},"end":{"line":10,"column":70}},"10":{"start":{"line":11,"column":0},"end":{"line":11,"column":53}},"11":{"start":{"line":12,"column":0},"end":{"line":12,"column":10}},"12":{"start":{"line":13,"column":0},"end":{"line":13,"column":13}},"13":{"start":{"line":14,"column":0},"end":{"line":14,"column":11}},"14":{"start":{"line":15,"column":0},"end":{"line":15,"column":15}},"15":{"start":{"line":16,"column":0},"end":{"line":16,"column":22}},"16":{"start":{"line":17,"column":0},"end":{"line":17,"column":120}},"17":{"start":{"line":18,"column":0},"end":{"line":18,"column":3}}},"s":{"0":1,"2":1,"3":4,"5":3,"6":4,"8":1,"9":1,"10":1,"11":1,"12":1,"13":1,"14":1,"15":1,"16":1,"17":1},"branchMap":{"0":{"type":"branch","line":3,"loc":{"start":{"line":3,"column":27},"end":{"line":7,"column":2}},"locations":[{"start":{"line":3,"column":27},"end":{"line":7,"column":2}}]},"1":{"type":"branch","line":4,"loc":{"start":{"line":4,"column":14},"end":{"line":4,"column":26}},"locations":[{"start":{"line":4,"column":14},"end":{"line":4,"column":26}}]},"2":{"type":"branch","line":4,"loc":{"start":{"line":4,"column":21},"end":{"line":6,"column":69}},"locations":[{"start":{"line":4,"column":21},"end":{"line":6,"column":69}}]},"3":{"type":"branch","line":4,"loc":{"start":{"line":4,"column":21},"end":{"line":6,"column":40}},"locations":[{"start":{"line":4,"column":21},"end":{"line":6,"column":40}}]},"4":{"type":"branch","line":6,"loc":{"start":{"line":6,"column":35},"end":{"line":6,"column":69}},"locations":[{"start":{"line":6,"column":35},"end":{"line":6,"column":69}}]},"5":{"type":"branch","line":17,"loc":{"start":{"line":17,"column":12},"end":{"line":17,"column":50}},"locations":[{"start":{"line":17,"column":12},"end":{"line":17,"column":50}}]}},"b":{"0":[4],"1":[2],"2":[3],"3":[2],"4":[1],"5":[4]},"fnMap":{"0":{"name":"isAcceptedImageUrl","decl":{"start":{"line":3,"column":27},"end":{"line":7,"column":2}},"loc":{"start":{"line":3,"column":27},"end":{"line":7,"column":2}},"line":3}},"f":{"0":4}}
,"/home/joao-vitor-bs/teste_dev/teste-dev-frontend/mini-twitter-frontend-main/src/services/auth.service.ts": {"path":"/home/joao-vitor-bs/teste_dev/teste-dev-frontend/mini-twitter-frontend-main/src/services/auth.service.ts","all":false,"statementMap":{"0":{"start":{"line":1,"column":0},"end":{"line":1,"column":33}},"3":{"start":{"line":4,"column":0},"end":{"line":4,"column":28}},"4":{"start":{"line":5,"column":0},"end":{"line":5,"column":49}},"5":{"start":{"line":6,"column":0},"end":{"line":6,"column":63}},"6":{"start":{"line":7,"column":0},"end":{"line":7,"column":16}},"7":{"start":{"line":8,"column":0},"end":{"line":8,"column":4}},"9":{"start":{"line":10,"column":0},"end":{"line":10,"column":43}},"10":{"start":{"line":11,"column":0},"end":{"line":11,"column":75}},"11":{"start":{"line":12,"column":0},"end":{"line":12,"column":16}},"12":{"start":{"line":13,"column":0},"end":{"line":13,"column":4}},"14":{"start":{"line":15,"column":0},"end":{"line":15,"column":23}},"15":{"start":{"line":16,"column":0},"end":{"line":16,"column":52}},"16":{"start":{"line":17,"column":0},"end":{"line":17,"column":16}},"17":{"start":{"line":18,"column":0},"end":{"line":18,"column":4}},"18":{"start":{"line":19,"column":0},"end":{"line":19,"column":2}}},"s":{"0":1,"3":1,"4":1,"5":1,"6":1,"7":1,"9":1,"10":1,"11":1,"12":1,"14":1,"15":1,"16":1,"17":1,"18":1},"branchMap":{"0":{"type":"branch","line":5,"loc":{"start":{"line":5,"column":12},"end":{"line":8,"column":4}},"locations":[{"start":{"line":5,"column":12},"end":{"line":8,"column":4}}]},"1":{"type":"branch","line":10,"loc":{"start":{"line":10,"column":9},"end":{"line":13,"column":4}},"locations":[{"start":{"line":10,"column":9},"end":{"line":13,"column":4}}]},"2":{"type":"branch","line":15,"loc":{"start":{"line":15,"column":10},"end":{"line":18,"column":4}},"locations":[{"start":{"line":15,"column":10},"end":{"line":18,"column":4}}]}},"b":{"0":[1],"1":[1],"2":[1]},"fnMap":{"0":{"name":"register","decl":{"start":{"line":5,"column":12},"end":{"line":8,"column":4}},"loc":{"start":{"line":5,"column":12},"end":{"line":8,"column":4}},"line":5},"1":{"name":"login","decl":{"start":{"line":10,"column":9},"end":{"line":13,"column":4}},"loc":{"start":{"line":10,"column":9},"end":{"line":13,"column":4}},"line":10},"2":{"name":"logout","decl":{"start":{"line":15,"column":10},"end":{"line":18,"column":4}},"loc":{"start":{"line":15,"column":10},"end":{"line":18,"column":4}},"line":15}},"f":{"0":1,"1":1,"2":1}}
,"/home/joao-vitor-bs/teste_dev/teste-dev-frontend/mini-twitter-frontend-main/src/services/post.service.ts": {"path":"/home/joao-vitor-bs/teste_dev/teste-dev-frontend/mini-twitter-frontend-main/src/services/post.service.ts","all":false,"statementMap":{"0":{"start":{"line":1,"column":0},"end":{"line":1,"column":33}},"3":{"start":{"line":4,"column":0},"end":{"line":4,"column":28}},"4":{"start":{"line":5,"column":0},"end":{"line":5,"column":49}},"5":{"start":{"line":6,"column":0},"end":{"line":6,"column":61}},"6":{"start":{"line":7,"column":0},"end":{"line":7,"column":15}},"7":{"start":{"line":8,"column":0},"end":{"line":8,"column":13}},"8":{"start":{"line":9,"column":0},"end":{"line":9,"column":36}},"9":{"start":{"line":10,"column":0},"end":{"line":10,"column":8}},"10":{"start":{"line":11,"column":0},"end":{"line":11,"column":7}},"12":{"start":{"line":13,"column":0},"end":{"line":13,"column":16}},"13":{"start":{"line":14,"column":0},"end":{"line":14,"column":4}},"15":{"start":{"line":16,"column":0},"end":{"line":16,"column":43}},"16":{"start":{"line":17,"column":0},"end":{"line":17,"column":55}},"17":{"start":{"line":18,"column":0},"end":{"line":18,"column":16}},"18":{"start":{"line":19,"column":0},"end":{"line":19,"column":4}},"20":{"start":{"line":21,"column":0},"end":{"line":21,"column":59}},"21":{"start":{"line":22,"column":0},"end":{"line":22,"column":64}},"22":{"start":{"line":23,"column":0},"end":{"line":23,"column":16}},"23":{"start":{"line":24,"column":0},"end":{"line":24,"column":4}},"25":{"start":{"line":26,"column":0},"end":{"line":26,"column":37}},"26":{"start":{"line":27,"column":0},"end":{"line":27,"column":58}},"27":{"start":{"line":28,"column":0},"end":{"line":28,"column":16}},"28":{"start":{"line":29,"column":0},"end":{"line":29,"column":4}},"30":{"start":{"line":31,"column":0},"end":{"line":31,"column":35}},"31":{"start":{"line":32,"column":0},"end":{"line":32,"column":81}},"32":{"start":{"line":33,"column":0},"end":{"line":33,"column":16}},"33":{"start":{"line":34,"column":0},"end":{"line":34,"column":4}},"34":{"start":{"line":35,"column":0},"end":{"line":35,"column":2}}},"s":{"0":1,"3":1,"4":1,"5":1,"6":1,"7":1,"8":1,"9":1,"10":1,"12":1,"13":1,"15":1,"16":1,"17":1,"18":1,"20":1,"21":1,"22":1,"23":1,"25":1,"26":1,"27":1,"28":1,"30":1,"31":1,"32":1,"33":1,"34":1},"branchMap":{"0":{"type":"branch","line":5,"loc":{"start":{"line":5,"column":8},"end":{"line":14,"column":4}},"locations":[{"start":{"line":5,"column":8},"end":{"line":14,"column":4}}]},"1":{"type":"branch","line":9,"loc":{"start":{"line":9,"column":16},"end":{"line":9,"column":36}},"locations":[{"start":{"line":9,"column":16},"end":{"line":9,"column":36}}]},"2":{"type":"branch","line":16,"loc":{"start":{"line":16,"column":10},"end":{"line":19,"column":4}},"locations":[{"start":{"line":16,"column":10},"end":{"line":19,"column":4}}]},"3":{"type":"branch","line":21,"loc":{"start":{"line":21,"column":10},"end":{"line":24,"column":4}},"locations":[{"start":{"line":21,"column":10},"end":{"line":24,"column":4}}]},"4":{"type":"branch","line":26,"loc":{"start":{"line":26,"column":10},"end":{"line":29,"column":4}},"locations":[{"start":{"line":26,"column":10},"end":{"line":29,"column":4}}]},"5":{"type":"branch","line":31,"loc":{"start":{"line":31,"column":8},"end":{"line":34,"column":4}},"locations":[{"start":{"line":31,"column":8},"end":{"line":34,"column":4}}]}},"b":{"0":[1],"1":[0],"2":[1],"3":[1],"4":[1],"5":[1]},"fnMap":{"0":{"name":"list","decl":{"start":{"line":5,"column":8},"end":{"line":14,"column":4}},"loc":{"start":{"line":5,"column":8},"end":{"line":14,"column":4}},"line":5},"1":{"name":"create","decl":{"start":{"line":16,"column":10},"end":{"line":19,"column":4}},"loc":{"start":{"line":16,"column":10},"end":{"line":19,"column":4}},"line":16},"2":{"name":"update","decl":{"start":{"line":21,"column":10},"end":{"line":24,"column":4}},"loc":{"start":{"line":21,"column":10},"end":{"line":24,"column":4}},"line":21},"3":{"name":"delete","decl":{"start":{"line":26,"column":10},"end":{"line":29,"column":4}},"loc":{"start":{"line":26,"column":10},"end":{"line":29,"column":4}},"line":26},"4":{"name":"like","decl":{"start":{"line":31,"column":8},"end":{"line":34,"column":4}},"loc":{"start":{"line":31,"column":8},"end":{"line":34,"column":4}},"line":31}},"f":{"0":1,"1":1,"2":1,"3":1,"4":1}}
,"/home/joao-vitor-bs/teste_dev/teste-dev-frontend/mini-twitter-frontend-main/src/types/api.ts": {"path":"/home/joao-vitor-bs/teste_dev/teste-dev-frontend/mini-twitter-frontend-main/src/types/api.ts","all":true,"statementMap":{},"s":{},"branchMap":{"0":{"type":"branch","line":1,"loc":{"start":{"line":1,"column":736},"end":{"line":49,"column":1}},"locations":[{"start":{"line":1,"column":736},"end":{"line":49,"column":1}}]}},"b":{"0":[1]},"fnMap":{"0":{"name":"(empty-report)","decl":{"start":{"line":1,"column":736},"end":{"line":49,"column":1}},"loc":{"start":{"line":1,"column":736},"end":{"line":49,"column":1}},"line":1}},"f":{"0":1}}
}
